{"total": {"lines":{"total":375,"covered":194,"skipped":0,"pct":51.73},"statements":{"total":380,"covered":194,"skipped":0,"pct":51.05},"functions":{"total":95,"covered":33,"skipped":0,"pct":34.74},"branches":{"total":151,"covered":50,"skipped":0,"pct":33.11}}
,"O:\\NODEJS_PROJECTS\\boilerplateFrontendReactRedux\\src\\Common\\Domain\\Toaster\\Types.ts": {"lines":{"total":18,"covered":18,"skipped":0,"pct":100},"functions":{"total":3,"covered":3,"skipped":0,"pct":100},"statements":{"total":18,"covered":18,"skipped":0,"pct":100},"branches":{"total":6,"covered":6,"skipped":0,"pct":100}}
,"O:\\NODEJS_PROJECTS\\boilerplateFrontendReactRedux\\src\\Common\\Domain\\Toaster\\Command\\RemoveMessage.ts": {"lines":{"total":3,"covered":2,"skipped":0,"pct":66.67},"functions":{"total":1,"covered":0,"skipped":0,"pct":0},"statements":{"total":3,"covered":2,"skipped":0,"pct":66.67},"branches":{"total":0,"covered":0,"skipped":0,"pct":100}}
,"O:\\NODEJS_PROJECTS\\boilerplateFrontendReactRedux\\src\\Common\\Domain\\Toaster\\Command\\ShowMessage.ts": {"lines":{"total":3,"covered":3,"skipped":0,"pct":100},"functions":{"total":1,"covered":1,"skipped":0,"pct":100},"statements":{"total":3,"covered":3,"skipped":0,"pct":100},"branches":{"total":0,"covered":0,"skipped":0,"pct":100}}
,"O:\\NODEJS_PROJECTS\\boilerplateFrontendReactRedux\\src\\Common\\Domain\\Toaster\\Event\\MessageIntroAnimationsWereFinished.ts": {"lines":{"total":3,"covered":2,"skipped":0,"pct":66.67},"functions":{"total":1,"covered":0,"skipped":0,"pct":0},"statements":{"total":3,"covered":2,"skipped":0,"pct":66.67},"branches":{"total":0,"covered":0,"skipped":0,"pct":100}}
,"O:\\NODEJS_PROJECTS\\boilerplateFrontendReactRedux\\src\\Common\\Domain\\Toaster\\Event\\MessageWasAddedToPipeline.ts": {"lines":{"total":3,"covered":3,"skipped":0,"pct":100},"functions":{"total":1,"covered":1,"skipped":0,"pct":100},"statements":{"total":3,"covered":3,"skipped":0,"pct":100},"branches":{"total":0,"covered":0,"skipped":0,"pct":100}}
,"O:\\NODEJS_PROJECTS\\boilerplateFrontendReactRedux\\src\\Common\\Domain\\Toaster\\Event\\MessagesWereAddedToToast.ts": {"lines":{"total":3,"covered":2,"skipped":0,"pct":66.67},"functions":{"total":1,"covered":0,"skipped":0,"pct":0},"statements":{"total":3,"covered":2,"skipped":0,"pct":66.67},"branches":{"total":0,"covered":0,"skipped":0,"pct":100}}
,"O:\\NODEJS_PROJECTS\\boilerplateFrontendReactRedux\\src\\Common\\Domain\\Toaster\\Event\\Reducer.ts": {"lines":{"total":51,"covered":23,"skipped":0,"pct":45.1},"functions":{"total":17,"covered":5,"skipped":0,"pct":29.41},"statements":{"total":53,"covered":23,"skipped":0,"pct":43.4},"branches":{"total":31,"covered":15,"skipped":0,"pct":48.39}}
,"O:\\NODEJS_PROJECTS\\boilerplateFrontendReactRedux\\src\\Common\\Domain\\Toaster\\Event\\ToastIntroAnimationWasFinished.ts": {"lines":{"total":3,"covered":3,"skipped":0,"pct":100},"functions":{"total":1,"covered":1,"skipped":0,"pct":100},"statements":{"total":3,"covered":3,"skipped":0,"pct":100},"branches":{"total":0,"covered":0,"skipped":0,"pct":100}}
,"O:\\NODEJS_PROJECTS\\boilerplateFrontendReactRedux\\src\\Common\\Domain\\Toaster\\Event\\ToastWasAdded.ts": {"lines":{"total":3,"covered":3,"skipped":0,"pct":100},"functions":{"total":1,"covered":1,"skipped":0,"pct":100},"statements":{"total":3,"covered":3,"skipped":0,"pct":100},"branches":{"total":0,"covered":0,"skipped":0,"pct":100}}
,"O:\\NODEJS_PROJECTS\\boilerplateFrontendReactRedux\\src\\Common\\Domain\\Toaster\\Query\\CommonToastIdByTypeQuery.ts": {"lines":{"total":16,"covered":9,"skipped":0,"pct":56.25},"functions":{"total":2,"covered":2,"skipped":0,"pct":100},"statements":{"total":16,"covered":9,"skipped":0,"pct":56.25},"branches":{"total":10,"covered":3,"skipped":0,"pct":30}}
,"O:\\NODEJS_PROJECTS\\boilerplateFrontendReactRedux\\src\\Common\\Domain\\Toaster\\Query\\MessageQuery.ts": {"lines":{"total":19,"covered":6,"skipped":0,"pct":31.58},"functions":{"total":7,"covered":1,"skipped":0,"pct":14.29},"statements":{"total":21,"covered":6,"skipped":0,"pct":28.57},"branches":{"total":6,"covered":1,"skipped":0,"pct":16.67}}
,"O:\\NODEJS_PROJECTS\\boilerplateFrontendReactRedux\\src\\Common\\Domain\\Toaster\\Query\\ToastQuery.ts": {"lines":{"total":15,"covered":8,"skipped":0,"pct":53.33},"functions":{"total":5,"covered":2,"skipped":0,"pct":40},"statements":{"total":16,"covered":8,"skipped":0,"pct":50},"branches":{"total":4,"covered":1,"skipped":0,"pct":25}}
,"O:\\NODEJS_PROJECTS\\boilerplateFrontendReactRedux\\src\\Common\\Domain\\Toaster\\Saga\\Callables\\MoveMessagesFromPipelineToToastsHandling.ts": {"lines":{"total":49,"covered":36,"skipped":0,"pct":73.47},"functions":{"total":8,"covered":6,"skipped":0,"pct":75},"statements":{"total":49,"covered":36,"skipped":0,"pct":73.47},"branches":{"total":10,"covered":5,"skipped":0,"pct":50}}
,"O:\\NODEJS_PROJECTS\\boilerplateFrontendReactRedux\\src\\Common\\Domain\\Toaster\\Saga\\Callables\\ShowMessageHandling.ts": {"lines":{"total":27,"covered":22,"skipped":0,"pct":81.48},"functions":{"total":3,"covered":3,"skipped":0,"pct":100},"statements":{"total":27,"covered":22,"skipped":0,"pct":81.48},"branches":{"total":20,"covered":13,"skipped":0,"pct":65}}
,"O:\\NODEJS_PROJECTS\\boilerplateFrontendReactRedux\\src\\Common\\UI\\Design\\StyleFactory.ts": {"lines":{"total":2,"covered":2,"skipped":0,"pct":100},"functions":{"total":1,"covered":1,"skipped":0,"pct":100},"statements":{"total":2,"covered":2,"skipped":0,"pct":100},"branches":{"total":0,"covered":0,"skipped":0,"pct":100}}
,"O:\\NODEJS_PROJECTS\\boilerplateFrontendReactRedux\\src\\Common\\UI\\Icon\\CloseIcon.tsx": {"lines":{"total":7,"covered":5,"skipped":0,"pct":71.43},"functions":{"total":1,"covered":0,"skipped":0,"pct":0},"statements":{"total":7,"covered":5,"skipped":0,"pct":71.43},"branches":{"total":0,"covered":0,"skipped":0,"pct":100}}
,"O:\\NODEJS_PROJECTS\\boilerplateFrontendReactRedux\\src\\Common\\UI\\Icon\\Icon.ts": {"lines":{"total":69,"covered":22,"skipped":0,"pct":31.88},"functions":{"total":14,"covered":4,"skipped":0,"pct":28.57},"statements":{"total":69,"covered":22,"skipped":0,"pct":31.88},"branches":{"total":40,"covered":6,"skipped":0,"pct":15}}
,"O:\\NODEJS_PROJECTS\\boilerplateFrontendReactRedux\\src\\Common\\UI\\Toaster\\Message.tsx": {"lines":{"total":32,"covered":9,"skipped":0,"pct":28.13},"functions":{"total":9,"covered":0,"skipped":0,"pct":0},"statements":{"total":32,"covered":9,"skipped":0,"pct":28.13},"branches":{"total":10,"covered":0,"skipped":0,"pct":0}}
,"O:\\NODEJS_PROJECTS\\boilerplateFrontendReactRedux\\src\\Common\\UI\\Toaster\\Toast.tsx": {"lines":{"total":40,"covered":8,"skipped":0,"pct":20},"functions":{"total":15,"covered":0,"skipped":0,"pct":0},"statements":{"total":40,"covered":8,"skipped":0,"pct":20},"branches":{"total":14,"covered":0,"skipped":0,"pct":0}}
,"O:\\NODEJS_PROJECTS\\boilerplateFrontendReactRedux\\src\\Common\\UI\\Toaster\\Toaster.tsx": {"lines":{"total":9,"covered":8,"skipped":0,"pct":88.89},"functions":{"total":3,"covered":2,"skipped":0,"pct":66.67},"statements":{"total":9,"covered":8,"skipped":0,"pct":88.89},"branches":{"total":0,"covered":0,"skipped":0,"pct":100}}
}
