{"total": {"lines":{"total":468,"covered":254,"skipped":0,"pct":54.27},"statements":{"total":486,"covered":267,"skipped":0,"pct":54.94},"functions":{"total":112,"covered":38,"skipped":0,"pct":33.93},"branches":{"total":175,"covered":57,"skipped":0,"pct":32.57}}
,"/home/runner/work/react-redux-saga-boilerplate/react-redux-saga-boilerplate/src/Packages/Common/Design/index.ts": {"lines":{"total":3,"covered":3,"skipped":0,"pct":100},"functions":{"total":0,"covered":0,"skipped":0,"pct":100},"statements":{"total":7,"covered":7,"skipped":0,"pct":100},"branches":{"total":0,"covered":0,"skipped":0,"pct":100}}
,"/home/runner/work/react-redux-saga-boilerplate/react-redux-saga-boilerplate/src/Packages/Common/Design/Domain/Reducer.ts": {"lines":{"total":4,"covered":3,"skipped":0,"pct":75},"functions":{"total":1,"covered":0,"skipped":0,"pct":0},"statements":{"total":4,"covered":3,"skipped":0,"pct":75},"branches":{"total":1,"covered":0,"skipped":0,"pct":0}}
,"/home/runner/work/react-redux-saga-boilerplate/react-redux-saga-boilerplate/src/Packages/Common/Design/Domain/Query/ThemeQuery.ts": {"lines":{"total":5,"covered":4,"skipped":0,"pct":80},"functions":{"total":2,"covered":1,"skipped":0,"pct":50},"statements":{"total":5,"covered":4,"skipped":0,"pct":80},"branches":{"total":0,"covered":0,"skipped":0,"pct":100}}
,"/home/runner/work/react-redux-saga-boilerplate/react-redux-saga-boilerplate/src/Packages/Common/Design/UI/WCStyleFactory.ts": {"lines":{"total":2,"covered":2,"skipped":0,"pct":100},"functions":{"total":1,"covered":1,"skipped":0,"pct":100},"statements":{"total":2,"covered":2,"skipped":0,"pct":100},"branches":{"total":0,"covered":0,"skipped":0,"pct":100}}
,"/home/runner/work/react-redux-saga-boilerplate/react-redux-saga-boilerplate/src/Packages/Common/Icon/UI/CloseIconWC.tsx": {"lines":{"total":7,"covered":5,"skipped":0,"pct":71.43},"functions":{"total":1,"covered":0,"skipped":0,"pct":0},"statements":{"total":7,"covered":5,"skipped":0,"pct":71.43},"branches":{"total":0,"covered":0,"skipped":0,"pct":100}}
,"/home/runner/work/react-redux-saga-boilerplate/react-redux-saga-boilerplate/src/Packages/Common/Icon/UI/IconWC.ts": {"lines":{"total":69,"covered":22,"skipped":0,"pct":31.88},"functions":{"total":14,"covered":4,"skipped":0,"pct":28.57},"statements":{"total":69,"covered":22,"skipped":0,"pct":31.88},"branches":{"total":40,"covered":6,"skipped":0,"pct":15}}
,"/home/runner/work/react-redux-saga-boilerplate/react-redux-saga-boilerplate/src/Packages/Common/Toaster/Domain/Reducer.ts": {"lines":{"total":51,"covered":23,"skipped":0,"pct":45.1},"functions":{"total":17,"covered":5,"skipped":0,"pct":29.41},"statements":{"total":53,"covered":23,"skipped":0,"pct":43.4},"branches":{"total":31,"covered":15,"skipped":0,"pct":48.39}}
,"/home/runner/work/react-redux-saga-boilerplate/react-redux-saga-boilerplate/src/Packages/Common/Toaster/Domain/Types.ts": {"lines":{"total":18,"covered":18,"skipped":0,"pct":100},"functions":{"total":3,"covered":3,"skipped":0,"pct":100},"statements":{"total":18,"covered":18,"skipped":0,"pct":100},"branches":{"total":6,"covered":6,"skipped":0,"pct":100}}
,"/home/runner/work/react-redux-saga-boilerplate/react-redux-saga-boilerplate/src/Packages/Common/Toaster/Domain/Command/RemoveMessage.ts": {"lines":{"total":3,"covered":2,"skipped":0,"pct":66.67},"functions":{"total":1,"covered":0,"skipped":0,"pct":0},"statements":{"total":3,"covered":2,"skipped":0,"pct":66.67},"branches":{"total":0,"covered":0,"skipped":0,"pct":100}}
,"/home/runner/work/react-redux-saga-boilerplate/react-redux-saga-boilerplate/src/Packages/Common/Toaster/Domain/Command/ShowMessage.ts": {"lines":{"total":3,"covered":3,"skipped":0,"pct":100},"functions":{"total":1,"covered":1,"skipped":0,"pct":100},"statements":{"total":3,"covered":3,"skipped":0,"pct":100},"branches":{"total":0,"covered":0,"skipped":0,"pct":100}}
,"/home/runner/work/react-redux-saga-boilerplate/react-redux-saga-boilerplate/src/Packages/Common/Toaster/Domain/Event/MessageIntroAnimationsWereFinished.ts": {"lines":{"total":3,"covered":2,"skipped":0,"pct":66.67},"functions":{"total":1,"covered":0,"skipped":0,"pct":0},"statements":{"total":3,"covered":2,"skipped":0,"pct":66.67},"branches":{"total":0,"covered":0,"skipped":0,"pct":100}}
,"/home/runner/work/react-redux-saga-boilerplate/react-redux-saga-boilerplate/src/Packages/Common/Toaster/Domain/Event/MessageWasAddedToPipeline.ts": {"lines":{"total":3,"covered":3,"skipped":0,"pct":100},"functions":{"total":1,"covered":1,"skipped":0,"pct":100},"statements":{"total":3,"covered":3,"skipped":0,"pct":100},"branches":{"total":0,"covered":0,"skipped":0,"pct":100}}
,"/home/runner/work/react-redux-saga-boilerplate/react-redux-saga-boilerplate/src/Packages/Common/Toaster/Domain/Event/MessagesWereAddedToToast.ts": {"lines":{"total":3,"covered":2,"skipped":0,"pct":66.67},"functions":{"total":1,"covered":0,"skipped":0,"pct":0},"statements":{"total":3,"covered":2,"skipped":0,"pct":66.67},"branches":{"total":0,"covered":0,"skipped":0,"pct":100}}
,"/home/runner/work/react-redux-saga-boilerplate/react-redux-saga-boilerplate/src/Packages/Common/Toaster/Domain/Event/ToastIntroAnimationWasFinished.ts": {"lines":{"total":3,"covered":3,"skipped":0,"pct":100},"functions":{"total":1,"covered":1,"skipped":0,"pct":100},"statements":{"total":3,"covered":3,"skipped":0,"pct":100},"branches":{"total":0,"covered":0,"skipped":0,"pct":100}}
,"/home/runner/work/react-redux-saga-boilerplate/react-redux-saga-boilerplate/src/Packages/Common/Toaster/Domain/Event/ToastWasAdded.ts": {"lines":{"total":3,"covered":3,"skipped":0,"pct":100},"functions":{"total":1,"covered":1,"skipped":0,"pct":100},"statements":{"total":3,"covered":3,"skipped":0,"pct":100},"branches":{"total":0,"covered":0,"skipped":0,"pct":100}}
,"/home/runner/work/react-redux-saga-boilerplate/react-redux-saga-boilerplate/src/Packages/Common/Toaster/Domain/Query/CommonToastIdByTypeQuery.ts": {"lines":{"total":16,"covered":9,"skipped":0,"pct":56.25},"functions":{"total":2,"covered":2,"skipped":0,"pct":100},"statements":{"total":16,"covered":9,"skipped":0,"pct":56.25},"branches":{"total":10,"covered":3,"skipped":0,"pct":30}}
,"/home/runner/work/react-redux-saga-boilerplate/react-redux-saga-boilerplate/src/Packages/Common/Toaster/Domain/Query/MessageQuery.ts": {"lines":{"total":11,"covered":5,"skipped":0,"pct":45.45},"functions":{"total":5,"covered":1,"skipped":0,"pct":20},"statements":{"total":13,"covered":5,"skipped":0,"pct":38.46},"branches":{"total":4,"covered":1,"skipped":0,"pct":25}}
,"/home/runner/work/react-redux-saga-boilerplate/react-redux-saga-boilerplate/src/Packages/Common/Toaster/Domain/Query/ToastQuery.ts": {"lines":{"total":15,"covered":8,"skipped":0,"pct":53.33},"functions":{"total":5,"covered":2,"skipped":0,"pct":40},"statements":{"total":16,"covered":8,"skipped":0,"pct":50},"branches":{"total":4,"covered":1,"skipped":0,"pct":25}}
,"/home/runner/work/react-redux-saga-boilerplate/react-redux-saga-boilerplate/src/Packages/Common/Toaster/Domain/Saga/Flow/MoveMessagesFromPipelineToToastsHandling.ts": {"lines":{"total":49,"covered":36,"skipped":0,"pct":73.47},"functions":{"total":8,"covered":6,"skipped":0,"pct":75},"statements":{"total":49,"covered":36,"skipped":0,"pct":73.47},"branches":{"total":10,"covered":5,"skipped":0,"pct":50}}
,"/home/runner/work/react-redux-saga-boilerplate/react-redux-saga-boilerplate/src/Packages/Common/Toaster/Domain/Saga/Flow/ShowMessageHandling.ts": {"lines":{"total":27,"covered":21,"skipped":0,"pct":77.78},"functions":{"total":3,"covered":3,"skipped":0,"pct":100},"statements":{"total":27,"covered":21,"skipped":0,"pct":77.78},"branches":{"total":20,"covered":12,"skipped":0,"pct":60}}
,"/home/runner/work/react-redux-saga-boilerplate/react-redux-saga-boilerplate/src/Packages/Common/Toaster/UI/MessageWC.tsx": {"lines":{"total":33,"covered":10,"skipped":0,"pct":30.3},"functions":{"total":9,"covered":0,"skipped":0,"pct":0},"statements":{"total":33,"covered":10,"skipped":0,"pct":30.3},"branches":{"total":10,"covered":0,"skipped":0,"pct":0}}
,"/home/runner/work/react-redux-saga-boilerplate/react-redux-saga-boilerplate/src/Packages/Common/Toaster/UI/ToastWC.tsx": {"lines":{"total":40,"covered":8,"skipped":0,"pct":20},"functions":{"total":15,"covered":0,"skipped":0,"pct":0},"statements":{"total":40,"covered":8,"skipped":0,"pct":20},"branches":{"total":14,"covered":0,"skipped":0,"pct":0}}
,"/home/runner/work/react-redux-saga-boilerplate/react-redux-saga-boilerplate/src/Packages/Common/Toaster/UI/ToasterWC.tsx": {"lines":{"total":9,"covered":8,"skipped":0,"pct":88.89},"functions":{"total":3,"covered":2,"skipped":0,"pct":66.67},"statements":{"total":9,"covered":8,"skipped":0,"pct":88.89},"branches":{"total":0,"covered":0,"skipped":0,"pct":100}}
,"/home/runner/work/react-redux-saga-boilerplate/react-redux-saga-boilerplate/src/Packages/Common/Translator/index.ts": {"lines":{"total":8,"covered":8,"skipped":0,"pct":100},"functions":{"total":0,"covered":0,"skipped":0,"pct":100},"statements":{"total":17,"covered":17,"skipped":0,"pct":100},"branches":{"total":0,"covered":0,"skipped":0,"pct":100}}
,"/home/runner/work/react-redux-saga-boilerplate/react-redux-saga-boilerplate/src/Packages/Common/Translator/Domain/Reducer.ts": {"lines":{"total":9,"covered":4,"skipped":0,"pct":44.44},"functions":{"total":1,"covered":0,"skipped":0,"pct":0},"statements":{"total":9,"covered":4,"skipped":0,"pct":44.44},"branches":{"total":5,"covered":0,"skipped":0,"pct":0}}
,"/home/runner/work/react-redux-saga-boilerplate/react-redux-saga-boilerplate/src/Packages/Common/Translator/Domain/Types.ts": {"lines":{"total":11,"covered":11,"skipped":0,"pct":100},"functions":{"total":4,"covered":4,"skipped":0,"pct":100},"statements":{"total":11,"covered":11,"skipped":0,"pct":100},"branches":{"total":8,"covered":8,"skipped":0,"pct":100}}
,"/home/runner/work/react-redux-saga-boilerplate/react-redux-saga-boilerplate/src/Packages/Common/Translator/Domain/Command/SetUILanguage.ts": {"lines":{"total":3,"covered":2,"skipped":0,"pct":66.67},"functions":{"total":1,"covered":0,"skipped":0,"pct":0},"statements":{"total":3,"covered":2,"skipped":0,"pct":66.67},"branches":{"total":0,"covered":0,"skipped":0,"pct":100}}
,"/home/runner/work/react-redux-saga-boilerplate/react-redux-saga-boilerplate/src/Packages/Common/Translator/Domain/Event/UILanguageWasSet.ts": {"lines":{"total":3,"covered":2,"skipped":0,"pct":66.67},"functions":{"total":1,"covered":0,"skipped":0,"pct":0},"statements":{"total":3,"covered":2,"skipped":0,"pct":66.67},"branches":{"total":0,"covered":0,"skipped":0,"pct":100}}
,"/home/runner/work/react-redux-saga-boilerplate/react-redux-saga-boilerplate/src/Packages/Common/Translator/Domain/Query/LanguageIdQuery.ts": {"lines":{"total":2,"covered":1,"skipped":0,"pct":50},"functions":{"total":1,"covered":0,"skipped":0,"pct":0},"statements":{"total":2,"covered":1,"skipped":0,"pct":50},"branches":{"total":0,"covered":0,"skipped":0,"pct":100}}
,"/home/runner/work/react-redux-saga-boilerplate/react-redux-saga-boilerplate/src/Packages/Common/Translator/Domain/Query/TranslatedTextQuery.ts": {"lines":{"total":10,"covered":1,"skipped":0,"pct":10},"functions":{"total":1,"covered":0,"skipped":0,"pct":0},"statements":{"total":10,"covered":1,"skipped":0,"pct":10},"branches":{"total":4,"covered":0,"skipped":0,"pct":0}}
,"/home/runner/work/react-redux-saga-boilerplate/react-redux-saga-boilerplate/src/Packages/Common/Translator/Domain/Saga/Flow/SetUILanguageHandling.ts": {"lines":{"total":15,"covered":6,"skipped":0,"pct":40},"functions":{"total":1,"covered":0,"skipped":0,"pct":0},"statements":{"total":15,"covered":6,"skipped":0,"pct":40},"branches":{"total":4,"covered":0,"skipped":0,"pct":0}}
,"/home/runner/work/react-redux-saga-boilerplate/react-redux-saga-boilerplate/src/Packages/Common/Translator/Domain/Saga/Flow/index.ts": {"lines":{"total":7,"covered":4,"skipped":0,"pct":57.14},"functions":{"total":3,"covered":0,"skipped":0,"pct":0},"statements":{"total":7,"covered":4,"skipped":0,"pct":57.14},"branches":{"total":0,"covered":0,"skipped":0,"pct":100}}
,"/home/runner/work/react-redux-saga-boilerplate/react-redux-saga-boilerplate/src/Packages/Common/Translator/Domain/Translation/en.ts": {"lines":{"total":2,"covered":2,"skipped":0,"pct":100},"functions":{"total":0,"covered":0,"skipped":0,"pct":100},"statements":{"total":2,"covered":2,"skipped":0,"pct":100},"branches":{"total":0,"covered":0,"skipped":0,"pct":100}}
,"/home/runner/work/react-redux-saga-boilerplate/react-redux-saga-boilerplate/src/Packages/Common/Translator/UI/TranslatedTextWC.tsx": {"lines":{"total":13,"covered":5,"skipped":0,"pct":38.46},"functions":{"total":3,"covered":0,"skipped":0,"pct":0},"statements":{"total":13,"covered":5,"skipped":0,"pct":38.46},"branches":{"total":4,"covered":0,"skipped":0,"pct":0}}
,"/home/runner/work/react-redux-saga-boilerplate/react-redux-saga-boilerplate/src/Packages/Common/Translator/UI/TranslatorContext.tsx": {"lines":{"total":5,"covered":5,"skipped":0,"pct":100},"functions":{"total":0,"covered":0,"skipped":0,"pct":100},"statements":{"total":5,"covered":5,"skipped":0,"pct":100},"branches":{"total":0,"covered":0,"skipped":0,"pct":100}}
}
