{"total": {"lines":{"total":357,"covered":163,"skipped":0,"pct":45.66},"statements":{"total":369,"covered":164,"skipped":0,"pct":44.44},"functions":{"total":118,"covered":58,"skipped":0,"pct":49.15},"branches":{"total":176,"covered":57,"skipped":0,"pct":32.39}}
,"/home/runner/work/react-redux-saga-boilerplate/react-redux-saga-boilerplate/src/packages/src/common/design/ui/web/index.ts": {"lines":{"total":0,"covered":0,"skipped":0,"pct":100},"functions":{"total":0,"covered":0,"skipped":0,"pct":100},"statements":{"total":0,"covered":0,"skipped":0,"pct":100},"branches":{"total":0,"covered":0,"skipped":0,"pct":100}}
,"/home/runner/work/react-redux-saga-boilerplate/react-redux-saga-boilerplate/src/packages/src/common/design/ui/web/style.factory.ts": {"lines":{"total":1,"covered":1,"skipped":0,"pct":100},"functions":{"total":1,"covered":1,"skipped":0,"pct":100},"statements":{"total":1,"covered":1,"skipped":0,"pct":100},"branches":{"total":0,"covered":0,"skipped":0,"pct":100}}
,"/home/runner/work/react-redux-saga-boilerplate/react-redux-saga-boilerplate/src/packages/src/common/icon/ui/web/close.icon.tsx": {"lines":{"total":4,"covered":4,"skipped":0,"pct":100},"functions":{"total":1,"covered":1,"skipped":0,"pct":100},"statements":{"total":4,"covered":4,"skipped":0,"pct":100},"branches":{"total":0,"covered":0,"skipped":0,"pct":100}}
,"/home/runner/work/react-redux-saga-boilerplate/react-redux-saga-boilerplate/src/packages/src/common/icon/ui/web/error.icon.tsx": {"lines":{"total":4,"covered":2,"skipped":0,"pct":50},"functions":{"total":1,"covered":0,"skipped":0,"pct":0},"statements":{"total":4,"covered":2,"skipped":0,"pct":50},"branches":{"total":0,"covered":0,"skipped":0,"pct":100}}
,"/home/runner/work/react-redux-saga-boilerplate/react-redux-saga-boilerplate/src/packages/src/common/icon/ui/web/icon.ts": {"lines":{"total":48,"covered":32,"skipped":0,"pct":66.67},"functions":{"total":11,"covered":11,"skipped":0,"pct":100},"statements":{"total":48,"covered":32,"skipped":0,"pct":66.67},"branches":{"total":34,"covered":13,"skipped":0,"pct":38.24}}
,"/home/runner/work/react-redux-saga-boilerplate/react-redux-saga-boilerplate/src/packages/src/common/icon/ui/web/index.ts": {"lines":{"total":0,"covered":0,"skipped":0,"pct":100},"functions":{"total":0,"covered":0,"skipped":0,"pct":100},"statements":{"total":0,"covered":0,"skipped":0,"pct":100},"branches":{"total":0,"covered":0,"skipped":0,"pct":100}}
,"/home/runner/work/react-redux-saga-boilerplate/react-redux-saga-boilerplate/src/packages/src/common/icon/ui/web/loader.icon.tsx": {"lines":{"total":4,"covered":2,"skipped":0,"pct":50},"functions":{"total":1,"covered":0,"skipped":0,"pct":0},"statements":{"total":4,"covered":2,"skipped":0,"pct":50},"branches":{"total":0,"covered":0,"skipped":0,"pct":100}}
,"/home/runner/work/react-redux-saga-boilerplate/react-redux-saga-boilerplate/src/packages/src/common/icon/ui/web/success.icon.tsx": {"lines":{"total":4,"covered":2,"skipped":0,"pct":50},"functions":{"total":1,"covered":0,"skipped":0,"pct":0},"statements":{"total":4,"covered":2,"skipped":0,"pct":50},"branches":{"total":0,"covered":0,"skipped":0,"pct":100}}
,"/home/runner/work/react-redux-saga-boilerplate/react-redux-saga-boilerplate/src/packages/src/common/toaster/domain/command.ts": {"lines":{"total":2,"covered":1,"skipped":0,"pct":50},"functions":{"total":2,"covered":1,"skipped":0,"pct":50},"statements":{"total":2,"covered":1,"skipped":0,"pct":50},"branches":{"total":0,"covered":0,"skipped":0,"pct":100}}
,"/home/runner/work/react-redux-saga-boilerplate/react-redux-saga-boilerplate/src/packages/src/common/toaster/domain/event.ts": {"lines":{"total":9,"covered":3,"skipped":0,"pct":33.33},"functions":{"total":9,"covered":3,"skipped":0,"pct":33.33},"statements":{"total":9,"covered":3,"skipped":0,"pct":33.33},"branches":{"total":0,"covered":0,"skipped":0,"pct":100}}
,"/home/runner/work/react-redux-saga-boilerplate/react-redux-saga-boilerplate/src/packages/src/common/toaster/domain/index.ts": {"lines":{"total":0,"covered":0,"skipped":0,"pct":100},"functions":{"total":0,"covered":0,"skipped":0,"pct":100},"statements":{"total":0,"covered":0,"skipped":0,"pct":100},"branches":{"total":0,"covered":0,"skipped":0,"pct":100}}
,"/home/runner/work/react-redux-saga-boilerplate/react-redux-saga-boilerplate/src/packages/src/common/toaster/domain/query.ts": {"lines":{"total":35,"covered":10,"skipped":0,"pct":28.57},"functions":{"total":12,"covered":4,"skipped":0,"pct":33.33},"statements":{"total":40,"covered":10,"skipped":0,"pct":25},"branches":{"total":22,"covered":3,"skipped":0,"pct":13.64}}
,"/home/runner/work/react-redux-saga-boilerplate/react-redux-saga-boilerplate/src/packages/src/common/toaster/domain/reducer.ts": {"lines":{"total":49,"covered":21,"skipped":0,"pct":42.86},"functions":{"total":17,"covered":5,"skipped":0,"pct":29.41},"statements":{"total":52,"covered":22,"skipped":0,"pct":42.31},"branches":{"total":31,"covered":15,"skipped":0,"pct":48.39}}
,"/home/runner/work/react-redux-saga-boilerplate/react-redux-saga-boilerplate/src/packages/src/common/toaster/domain/types.ts": {"lines":{"total":0,"covered":0,"skipped":0,"pct":100},"functions":{"total":0,"covered":0,"skipped":0,"pct":100},"statements":{"total":0,"covered":0,"skipped":0,"pct":100},"branches":{"total":0,"covered":0,"skipped":0,"pct":100}}
,"/home/runner/work/react-redux-saga-boilerplate/react-redux-saga-boilerplate/src/packages/src/common/toaster/domain/saga/effect.ts": {"lines":{"total":6,"covered":0,"skipped":0,"pct":0},"functions":{"total":1,"covered":0,"skipped":0,"pct":0},"statements":{"total":6,"covered":0,"skipped":0,"pct":0},"branches":{"total":2,"covered":0,"skipped":0,"pct":0}}
,"/home/runner/work/react-redux-saga-boilerplate/react-redux-saga-boilerplate/src/packages/src/common/toaster/domain/saga/flow/index.ts": {"lines":{"total":5,"covered":0,"skipped":0,"pct":0},"functions":{"total":4,"covered":0,"skipped":0,"pct":0},"statements":{"total":5,"covered":0,"skipped":0,"pct":0},"branches":{"total":0,"covered":0,"skipped":0,"pct":100}}
,"/home/runner/work/react-redux-saga-boilerplate/react-redux-saga-boilerplate/src/packages/src/common/toaster/domain/saga/flow/move.messages.from.pipeline.to.toasts.handling.ts": {"lines":{"total":33,"covered":24,"skipped":0,"pct":72.73},"functions":{"total":8,"covered":6,"skipped":0,"pct":75},"statements":{"total":35,"covered":24,"skipped":0,"pct":68.57},"branches":{"total":8,"covered":4,"skipped":0,"pct":50}}
,"/home/runner/work/react-redux-saga-boilerplate/react-redux-saga-boilerplate/src/packages/src/common/toaster/domain/saga/flow/remove.message.handling.ts": {"lines":{"total":16,"covered":0,"skipped":0,"pct":0},"functions":{"total":1,"covered":0,"skipped":0,"pct":0},"statements":{"total":16,"covered":0,"skipped":0,"pct":0},"branches":{"total":6,"covered":0,"skipped":0,"pct":0}}
,"/home/runner/work/react-redux-saga-boilerplate/react-redux-saga-boilerplate/src/packages/src/common/toaster/domain/saga/flow/show.message.handling.ts": {"lines":{"total":19,"covered":13,"skipped":0,"pct":68.42},"functions":{"total":3,"covered":3,"skipped":0,"pct":100},"statements":{"total":19,"covered":13,"skipped":0,"pct":68.42},"branches":{"total":20,"covered":12,"skipped":0,"pct":60}}
,"/home/runner/work/react-redux-saga-boilerplate/react-redux-saga-boilerplate/src/packages/src/common/toaster/ui/native/toaster.tsx": {"lines":{"total":6,"covered":2,"skipped":0,"pct":33.33},"functions":{"total":4,"covered":1,"skipped":0,"pct":25},"statements":{"total":7,"covered":2,"skipped":0,"pct":28.57},"branches":{"total":2,"covered":0,"skipped":0,"pct":0}}
,"/home/runner/work/react-redux-saga-boilerplate/react-redux-saga-boilerplate/src/packages/src/common/toaster/ui/web/message.tsx": {"lines":{"total":28,"covered":11,"skipped":0,"pct":39.29},"functions":{"total":10,"covered":6,"skipped":0,"pct":60},"statements":{"total":29,"covered":11,"skipped":0,"pct":37.93},"branches":{"total":12,"covered":3,"skipped":0,"pct":25}}
,"/home/runner/work/react-redux-saga-boilerplate/react-redux-saga-boilerplate/src/packages/src/common/toaster/ui/web/toast.tsx": {"lines":{"total":33,"covered":15,"skipped":0,"pct":45.45},"functions":{"total":15,"covered":11,"skipped":0,"pct":73.33},"statements":{"total":33,"covered":15,"skipped":0,"pct":45.45},"branches":{"total":14,"covered":4,"skipped":0,"pct":28.57}}
,"/home/runner/work/react-redux-saga-boilerplate/react-redux-saga-boilerplate/src/packages/src/common/toaster/ui/web/toaster.tsx": {"lines":{"total":7,"covered":6,"skipped":0,"pct":85.71},"functions":{"total":3,"covered":2,"skipped":0,"pct":66.67},"statements":{"total":7,"covered":6,"skipped":0,"pct":85.71},"branches":{"total":0,"covered":0,"skipped":0,"pct":100}}
,"/home/runner/work/react-redux-saga-boilerplate/react-redux-saga-boilerplate/src/packages/src/common/translator/domain/command.ts": {"lines":{"total":1,"covered":0,"skipped":0,"pct":0},"functions":{"total":1,"covered":0,"skipped":0,"pct":0},"statements":{"total":1,"covered":0,"skipped":0,"pct":0},"branches":{"total":0,"covered":0,"skipped":0,"pct":100}}
,"/home/runner/work/react-redux-saga-boilerplate/react-redux-saga-boilerplate/src/packages/src/common/translator/domain/event.ts": {"lines":{"total":1,"covered":0,"skipped":0,"pct":0},"functions":{"total":1,"covered":0,"skipped":0,"pct":0},"statements":{"total":1,"covered":0,"skipped":0,"pct":0},"branches":{"total":0,"covered":0,"skipped":0,"pct":100}}
,"/home/runner/work/react-redux-saga-boilerplate/react-redux-saga-boilerplate/src/packages/src/common/translator/domain/index.ts": {"lines":{"total":0,"covered":0,"skipped":0,"pct":100},"functions":{"total":0,"covered":0,"skipped":0,"pct":100},"statements":{"total":0,"covered":0,"skipped":0,"pct":100},"branches":{"total":0,"covered":0,"skipped":0,"pct":100}}
,"/home/runner/work/react-redux-saga-boilerplate/react-redux-saga-boilerplate/src/packages/src/common/translator/domain/query.ts": {"lines":{"total":10,"covered":3,"skipped":0,"pct":30},"functions":{"total":2,"covered":1,"skipped":0,"pct":50},"statements":{"total":10,"covered":3,"skipped":0,"pct":30},"branches":{"total":4,"covered":1,"skipped":0,"pct":25}}
,"/home/runner/work/react-redux-saga-boilerplate/react-redux-saga-boilerplate/src/packages/src/common/translator/domain/reducer.ts": {"lines":{"total":6,"covered":1,"skipped":0,"pct":16.67},"functions":{"total":1,"covered":0,"skipped":0,"pct":0},"statements":{"total":6,"covered":1,"skipped":0,"pct":16.67},"branches":{"total":5,"covered":0,"skipped":0,"pct":0}}
,"/home/runner/work/react-redux-saga-boilerplate/react-redux-saga-boilerplate/src/packages/src/common/translator/domain/types.ts": {"lines":{"total":0,"covered":0,"skipped":0,"pct":100},"functions":{"total":0,"covered":0,"skipped":0,"pct":100},"statements":{"total":0,"covered":0,"skipped":0,"pct":100},"branches":{"total":0,"covered":0,"skipped":0,"pct":100}}
,"/home/runner/work/react-redux-saga-boilerplate/react-redux-saga-boilerplate/src/packages/src/common/translator/domain/saga/flow.ts": {"lines":{"total":12,"covered":0,"skipped":0,"pct":0},"functions":{"total":4,"covered":0,"skipped":0,"pct":0},"statements":{"total":12,"covered":0,"skipped":0,"pct":0},"branches":{"total":4,"covered":0,"skipped":0,"pct":0}}
,"/home/runner/work/react-redux-saga-boilerplate/react-redux-saga-boilerplate/src/packages/src/common/translator/domain/translation/en.ts": {"lines":{"total":1,"covered":1,"skipped":0,"pct":100},"functions":{"total":0,"covered":0,"skipped":0,"pct":100},"statements":{"total":1,"covered":1,"skipped":0,"pct":100},"branches":{"total":0,"covered":0,"skipped":0,"pct":100}}
,"/home/runner/work/react-redux-saga-boilerplate/react-redux-saga-boilerplate/src/packages/src/common/translator/ui/context.tsx": {"lines":{"total":3,"covered":3,"skipped":0,"pct":100},"functions":{"total":1,"covered":1,"skipped":0,"pct":100},"statements":{"total":3,"covered":3,"skipped":0,"pct":100},"branches":{"total":0,"covered":0,"skipped":0,"pct":100}}
,"/home/runner/work/react-redux-saga-boilerplate/react-redux-saga-boilerplate/src/packages/src/common/translator/ui/web/index.tsx": {"lines":{"total":8,"covered":6,"skipped":0,"pct":75},"functions":{"total":1,"covered":1,"skipped":0,"pct":100},"statements":{"total":8,"covered":6,"skipped":0,"pct":75},"branches":{"total":4,"covered":2,"skipped":0,"pct":50}}
,"/home/runner/work/react-redux-saga-boilerplate/react-redux-saga-boilerplate/src/packages/src/common/types/util/domain/index.ts": {"lines":{"total":2,"covered":0,"skipped":0,"pct":0},"functions":{"total":2,"covered":0,"skipped":0,"pct":0},"statements":{"total":2,"covered":0,"skipped":0,"pct":0},"branches":{"total":8,"covered":0,"skipped":0,"pct":0}}
}
