{"total": {"lines":{"total":359,"covered":163,"skipped":0,"pct":45.4},"statements":{"total":365,"covered":163,"skipped":0,"pct":44.66},"functions":{"total":118,"covered":58,"skipped":0,"pct":49.15},"branches":{"total":164,"covered":56,"skipped":0,"pct":34.15}}
,"/home/runner/work/react-redux-saga-boilerplate/react-redux-saga-boilerplate/src/Packages/src/Common/Design/Web/WCStyleFactory.ts": {"lines":{"total":1,"covered":1,"skipped":0,"pct":100},"functions":{"total":1,"covered":1,"skipped":0,"pct":100},"statements":{"total":1,"covered":1,"skipped":0,"pct":100},"branches":{"total":0,"covered":0,"skipped":0,"pct":100}}
,"/home/runner/work/react-redux-saga-boilerplate/react-redux-saga-boilerplate/src/Packages/src/Common/Design/Web/index.ts": {"lines":{"total":0,"covered":0,"skipped":0,"pct":100},"functions":{"total":0,"covered":0,"skipped":0,"pct":100},"statements":{"total":0,"covered":0,"skipped":0,"pct":100},"branches":{"total":0,"covered":0,"skipped":0,"pct":100}}
,"/home/runner/work/react-redux-saga-boilerplate/react-redux-saga-boilerplate/src/Packages/src/Common/Icon/Web/CloseIconWC.tsx": {"lines":{"total":4,"covered":4,"skipped":0,"pct":100},"functions":{"total":1,"covered":1,"skipped":0,"pct":100},"statements":{"total":4,"covered":4,"skipped":0,"pct":100},"branches":{"total":0,"covered":0,"skipped":0,"pct":100}}
,"/home/runner/work/react-redux-saga-boilerplate/react-redux-saga-boilerplate/src/Packages/src/Common/Icon/Web/ErrorIconWC.tsx": {"lines":{"total":4,"covered":2,"skipped":0,"pct":50},"functions":{"total":1,"covered":0,"skipped":0,"pct":0},"statements":{"total":4,"covered":2,"skipped":0,"pct":50},"branches":{"total":0,"covered":0,"skipped":0,"pct":100}}
,"/home/runner/work/react-redux-saga-boilerplate/react-redux-saga-boilerplate/src/Packages/src/Common/Icon/Web/IconWC.ts": {"lines":{"total":48,"covered":32,"skipped":0,"pct":66.67},"functions":{"total":11,"covered":11,"skipped":0,"pct":100},"statements":{"total":48,"covered":32,"skipped":0,"pct":66.67},"branches":{"total":34,"covered":13,"skipped":0,"pct":38.24}}
,"/home/runner/work/react-redux-saga-boilerplate/react-redux-saga-boilerplate/src/Packages/src/Common/Icon/Web/LoaderIconWC.tsx": {"lines":{"total":4,"covered":2,"skipped":0,"pct":50},"functions":{"total":1,"covered":0,"skipped":0,"pct":0},"statements":{"total":4,"covered":2,"skipped":0,"pct":50},"branches":{"total":0,"covered":0,"skipped":0,"pct":100}}
,"/home/runner/work/react-redux-saga-boilerplate/react-redux-saga-boilerplate/src/Packages/src/Common/Icon/Web/SuccessIconWC.tsx": {"lines":{"total":4,"covered":2,"skipped":0,"pct":50},"functions":{"total":1,"covered":0,"skipped":0,"pct":0},"statements":{"total":4,"covered":2,"skipped":0,"pct":50},"branches":{"total":0,"covered":0,"skipped":0,"pct":100}}
,"/home/runner/work/react-redux-saga-boilerplate/react-redux-saga-boilerplate/src/Packages/src/Common/Icon/Web/index.ts": {"lines":{"total":0,"covered":0,"skipped":0,"pct":100},"functions":{"total":0,"covered":0,"skipped":0,"pct":100},"statements":{"total":0,"covered":0,"skipped":0,"pct":100},"branches":{"total":0,"covered":0,"skipped":0,"pct":100}}
,"/home/runner/work/react-redux-saga-boilerplate/react-redux-saga-boilerplate/src/Packages/src/Common/Toaster/Domain/Reducer.ts": {"lines":{"total":50,"covered":22,"skipped":0,"pct":44},"functions":{"total":17,"covered":5,"skipped":0,"pct":29.41},"statements":{"total":52,"covered":22,"skipped":0,"pct":42.31},"branches":{"total":31,"covered":15,"skipped":0,"pct":48.39}}
,"/home/runner/work/react-redux-saga-boilerplate/react-redux-saga-boilerplate/src/Packages/src/Common/Toaster/Domain/Types.ts": {"lines":{"total":0,"covered":0,"skipped":0,"pct":100},"functions":{"total":0,"covered":0,"skipped":0,"pct":100},"statements":{"total":0,"covered":0,"skipped":0,"pct":100},"branches":{"total":0,"covered":0,"skipped":0,"pct":100}}
,"/home/runner/work/react-redux-saga-boilerplate/react-redux-saga-boilerplate/src/Packages/src/Common/Toaster/Domain/index.ts": {"lines":{"total":0,"covered":0,"skipped":0,"pct":100},"functions":{"total":0,"covered":0,"skipped":0,"pct":100},"statements":{"total":0,"covered":0,"skipped":0,"pct":100},"branches":{"total":0,"covered":0,"skipped":0,"pct":100}}
,"/home/runner/work/react-redux-saga-boilerplate/react-redux-saga-boilerplate/src/Packages/src/Common/Toaster/Domain/Command/RemoveMessage.ts": {"lines":{"total":1,"covered":0,"skipped":0,"pct":0},"functions":{"total":1,"covered":0,"skipped":0,"pct":0},"statements":{"total":1,"covered":0,"skipped":0,"pct":0},"branches":{"total":0,"covered":0,"skipped":0,"pct":100}}
,"/home/runner/work/react-redux-saga-boilerplate/react-redux-saga-boilerplate/src/Packages/src/Common/Toaster/Domain/Command/ShowMessage.ts": {"lines":{"total":1,"covered":1,"skipped":0,"pct":100},"functions":{"total":1,"covered":1,"skipped":0,"pct":100},"statements":{"total":1,"covered":1,"skipped":0,"pct":100},"branches":{"total":0,"covered":0,"skipped":0,"pct":100}}
,"/home/runner/work/react-redux-saga-boilerplate/react-redux-saga-boilerplate/src/Packages/src/Common/Toaster/Domain/Command/Types.ts": {"lines":{"total":0,"covered":0,"skipped":0,"pct":100},"functions":{"total":0,"covered":0,"skipped":0,"pct":100},"statements":{"total":0,"covered":0,"skipped":0,"pct":100},"branches":{"total":0,"covered":0,"skipped":0,"pct":100}}
,"/home/runner/work/react-redux-saga-boilerplate/react-redux-saga-boilerplate/src/Packages/src/Common/Toaster/Domain/Event/MessageIntroAnimationsWereFinished.ts": {"lines":{"total":1,"covered":0,"skipped":0,"pct":0},"functions":{"total":1,"covered":0,"skipped":0,"pct":0},"statements":{"total":1,"covered":0,"skipped":0,"pct":0},"branches":{"total":0,"covered":0,"skipped":0,"pct":100}}
,"/home/runner/work/react-redux-saga-boilerplate/react-redux-saga-boilerplate/src/Packages/src/Common/Toaster/Domain/Event/MessageOutroAnimationWasStarted.ts": {"lines":{"total":1,"covered":0,"skipped":0,"pct":0},"functions":{"total":1,"covered":0,"skipped":0,"pct":0},"statements":{"total":1,"covered":0,"skipped":0,"pct":0},"branches":{"total":0,"covered":0,"skipped":0,"pct":100}}
,"/home/runner/work/react-redux-saga-boilerplate/react-redux-saga-boilerplate/src/Packages/src/Common/Toaster/Domain/Event/MessageWasAddedToPipeline.ts": {"lines":{"total":1,"covered":1,"skipped":0,"pct":100},"functions":{"total":1,"covered":1,"skipped":0,"pct":100},"statements":{"total":1,"covered":1,"skipped":0,"pct":100},"branches":{"total":0,"covered":0,"skipped":0,"pct":100}}
,"/home/runner/work/react-redux-saga-boilerplate/react-redux-saga-boilerplate/src/Packages/src/Common/Toaster/Domain/Event/MessageWasRemoved.ts": {"lines":{"total":1,"covered":0,"skipped":0,"pct":0},"functions":{"total":1,"covered":0,"skipped":0,"pct":0},"statements":{"total":1,"covered":0,"skipped":0,"pct":0},"branches":{"total":0,"covered":0,"skipped":0,"pct":100}}
,"/home/runner/work/react-redux-saga-boilerplate/react-redux-saga-boilerplate/src/Packages/src/Common/Toaster/Domain/Event/MessagesWereAddedToToast.ts": {"lines":{"total":1,"covered":0,"skipped":0,"pct":0},"functions":{"total":1,"covered":0,"skipped":0,"pct":0},"statements":{"total":1,"covered":0,"skipped":0,"pct":0},"branches":{"total":0,"covered":0,"skipped":0,"pct":100}}
,"/home/runner/work/react-redux-saga-boilerplate/react-redux-saga-boilerplate/src/Packages/src/Common/Toaster/Domain/Event/ToastIntroAnimationWasFinished.ts": {"lines":{"total":1,"covered":1,"skipped":0,"pct":100},"functions":{"total":1,"covered":1,"skipped":0,"pct":100},"statements":{"total":1,"covered":1,"skipped":0,"pct":100},"branches":{"total":0,"covered":0,"skipped":0,"pct":100}}
,"/home/runner/work/react-redux-saga-boilerplate/react-redux-saga-boilerplate/src/Packages/src/Common/Toaster/Domain/Event/ToastOutroAnimationWasStarted.ts": {"lines":{"total":1,"covered":0,"skipped":0,"pct":0},"functions":{"total":1,"covered":0,"skipped":0,"pct":0},"statements":{"total":1,"covered":0,"skipped":0,"pct":0},"branches":{"total":0,"covered":0,"skipped":0,"pct":100}}
,"/home/runner/work/react-redux-saga-boilerplate/react-redux-saga-boilerplate/src/Packages/src/Common/Toaster/Domain/Event/ToastWasAdded.ts": {"lines":{"total":1,"covered":1,"skipped":0,"pct":100},"functions":{"total":1,"covered":1,"skipped":0,"pct":100},"statements":{"total":1,"covered":1,"skipped":0,"pct":100},"branches":{"total":0,"covered":0,"skipped":0,"pct":100}}
,"/home/runner/work/react-redux-saga-boilerplate/react-redux-saga-boilerplate/src/Packages/src/Common/Toaster/Domain/Event/ToastWasRemoved.ts": {"lines":{"total":1,"covered":0,"skipped":0,"pct":0},"functions":{"total":1,"covered":0,"skipped":0,"pct":0},"statements":{"total":1,"covered":0,"skipped":0,"pct":0},"branches":{"total":0,"covered":0,"skipped":0,"pct":100}}
,"/home/runner/work/react-redux-saga-boilerplate/react-redux-saga-boilerplate/src/Packages/src/Common/Toaster/Domain/Event/Types.ts": {"lines":{"total":0,"covered":0,"skipped":0,"pct":100},"functions":{"total":0,"covered":0,"skipped":0,"pct":100},"statements":{"total":0,"covered":0,"skipped":0,"pct":100},"branches":{"total":0,"covered":0,"skipped":0,"pct":100}}
,"/home/runner/work/react-redux-saga-boilerplate/react-redux-saga-boilerplate/src/Packages/src/Common/Toaster/Domain/Query/CommonToastIdByTypeQuery.ts": {"lines":{"total":9,"covered":2,"skipped":0,"pct":22.22},"functions":{"total":1,"covered":1,"skipped":0,"pct":100},"statements":{"total":9,"covered":2,"skipped":0,"pct":22.22},"branches":{"total":8,"covered":1,"skipped":0,"pct":12.5}}
,"/home/runner/work/react-redux-saga-boilerplate/react-redux-saga-boilerplate/src/Packages/src/Common/Toaster/Domain/Query/MessageQuery.ts": {"lines":{"total":9,"covered":3,"skipped":0,"pct":33.33},"functions":{"total":5,"covered":1,"skipped":0,"pct":20},"statements":{"total":11,"covered":3,"skipped":0,"pct":27.27},"branches":{"total":4,"covered":1,"skipped":0,"pct":25}}
,"/home/runner/work/react-redux-saga-boilerplate/react-redux-saga-boilerplate/src/Packages/src/Common/Toaster/Domain/Query/ToastQuery.ts": {"lines":{"total":12,"covered":5,"skipped":0,"pct":41.67},"functions":{"total":5,"covered":2,"skipped":0,"pct":40},"statements":{"total":13,"covered":5,"skipped":0,"pct":38.46},"branches":{"total":4,"covered":1,"skipped":0,"pct":25}}
,"/home/runner/work/react-redux-saga-boilerplate/react-redux-saga-boilerplate/src/Packages/src/Common/Toaster/Domain/Query/ToastTypeQuery.ts": {"lines":{"total":7,"covered":0,"skipped":0,"pct":0},"functions":{"total":1,"covered":0,"skipped":0,"pct":0},"statements":{"total":7,"covered":0,"skipped":0,"pct":0},"branches":{"total":6,"covered":0,"skipped":0,"pct":0}}
,"/home/runner/work/react-redux-saga-boilerplate/react-redux-saga-boilerplate/src/Packages/src/Common/Toaster/Domain/Saga/CustomEffect/ToastDispatching.ts": {"lines":{"total":7,"covered":0,"skipped":0,"pct":0},"functions":{"total":2,"covered":0,"skipped":0,"pct":0},"statements":{"total":7,"covered":0,"skipped":0,"pct":0},"branches":{"total":2,"covered":0,"skipped":0,"pct":0}}
,"/home/runner/work/react-redux-saga-boilerplate/react-redux-saga-boilerplate/src/Packages/src/Common/Toaster/Domain/Saga/Flow/MoveMessagesFromPipelineToToastsHandling.ts": {"lines":{"total":34,"covered":24,"skipped":0,"pct":70.59},"functions":{"total":8,"covered":6,"skipped":0,"pct":75},"statements":{"total":35,"covered":24,"skipped":0,"pct":68.57},"branches":{"total":8,"covered":4,"skipped":0,"pct":50}}
,"/home/runner/work/react-redux-saga-boilerplate/react-redux-saga-boilerplate/src/Packages/src/Common/Toaster/Domain/Saga/Flow/RemoveMessageHandling.ts": {"lines":{"total":16,"covered":0,"skipped":0,"pct":0},"functions":{"total":1,"covered":0,"skipped":0,"pct":0},"statements":{"total":16,"covered":0,"skipped":0,"pct":0},"branches":{"total":6,"covered":0,"skipped":0,"pct":0}}
,"/home/runner/work/react-redux-saga-boilerplate/react-redux-saga-boilerplate/src/Packages/src/Common/Toaster/Domain/Saga/Flow/ShowMessageHandling.ts": {"lines":{"total":19,"covered":13,"skipped":0,"pct":68.42},"functions":{"total":3,"covered":3,"skipped":0,"pct":100},"statements":{"total":19,"covered":13,"skipped":0,"pct":68.42},"branches":{"total":20,"covered":12,"skipped":0,"pct":60}}
,"/home/runner/work/react-redux-saga-boilerplate/react-redux-saga-boilerplate/src/Packages/src/Common/Toaster/Domain/Saga/Flow/index.ts": {"lines":{"total":5,"covered":0,"skipped":0,"pct":0},"functions":{"total":4,"covered":0,"skipped":0,"pct":0},"statements":{"total":5,"covered":0,"skipped":0,"pct":0},"branches":{"total":0,"covered":0,"skipped":0,"pct":100}}
,"/home/runner/work/react-redux-saga-boilerplate/react-redux-saga-boilerplate/src/Packages/src/Common/Toaster/Native/ToasterNC.tsx": {"lines":{"total":4,"covered":2,"skipped":0,"pct":50},"functions":{"total":3,"covered":1,"skipped":0,"pct":33.33},"statements":{"total":4,"covered":2,"skipped":0,"pct":50},"branches":{"total":0,"covered":0,"skipped":0,"pct":100}}
,"/home/runner/work/react-redux-saga-boilerplate/react-redux-saga-boilerplate/src/Packages/src/Common/Toaster/Web/MessageWC.tsx": {"lines":{"total":26,"covered":9,"skipped":0,"pct":34.62},"functions":{"total":9,"covered":5,"skipped":0,"pct":55.56},"statements":{"total":26,"covered":9,"skipped":0,"pct":34.62},"branches":{"total":10,"covered":2,"skipped":0,"pct":20}}
,"/home/runner/work/react-redux-saga-boilerplate/react-redux-saga-boilerplate/src/Packages/src/Common/Toaster/Web/ToastWC.tsx": {"lines":{"total":33,"covered":15,"skipped":0,"pct":45.45},"functions":{"total":15,"covered":11,"skipped":0,"pct":73.33},"statements":{"total":33,"covered":15,"skipped":0,"pct":45.45},"branches":{"total":14,"covered":4,"skipped":0,"pct":28.57}}
,"/home/runner/work/react-redux-saga-boilerplate/react-redux-saga-boilerplate/src/Packages/src/Common/Toaster/Web/ToasterWC.tsx": {"lines":{"total":6,"covered":5,"skipped":0,"pct":83.33},"functions":{"total":3,"covered":2,"skipped":0,"pct":66.67},"statements":{"total":6,"covered":5,"skipped":0,"pct":83.33},"branches":{"total":0,"covered":0,"skipped":0,"pct":100}}
,"/home/runner/work/react-redux-saga-boilerplate/react-redux-saga-boilerplate/src/Packages/src/Common/translator/TranslatorContext.tsx": {"lines":{"total":3,"covered":3,"skipped":0,"pct":100},"functions":{"total":0,"covered":0,"skipped":0,"pct":100},"statements":{"total":3,"covered":3,"skipped":0,"pct":100},"branches":{"total":0,"covered":0,"skipped":0,"pct":100}}
,"/home/runner/work/react-redux-saga-boilerplate/react-redux-saga-boilerplate/src/Packages/src/Common/translator/domain/command.ts": {"lines":{"total":1,"covered":0,"skipped":0,"pct":0},"functions":{"total":1,"covered":0,"skipped":0,"pct":0},"statements":{"total":1,"covered":0,"skipped":0,"pct":0},"branches":{"total":0,"covered":0,"skipped":0,"pct":100}}
,"/home/runner/work/react-redux-saga-boilerplate/react-redux-saga-boilerplate/src/Packages/src/Common/translator/domain/event.ts": {"lines":{"total":1,"covered":0,"skipped":0,"pct":0},"functions":{"total":1,"covered":0,"skipped":0,"pct":0},"statements":{"total":1,"covered":0,"skipped":0,"pct":0},"branches":{"total":0,"covered":0,"skipped":0,"pct":100}}
,"/home/runner/work/react-redux-saga-boilerplate/react-redux-saga-boilerplate/src/Packages/src/Common/translator/domain/index.ts": {"lines":{"total":0,"covered":0,"skipped":0,"pct":100},"functions":{"total":0,"covered":0,"skipped":0,"pct":100},"statements":{"total":0,"covered":0,"skipped":0,"pct":100},"branches":{"total":0,"covered":0,"skipped":0,"pct":100}}
,"/home/runner/work/react-redux-saga-boilerplate/react-redux-saga-boilerplate/src/Packages/src/Common/translator/domain/query.ts": {"lines":{"total":10,"covered":3,"skipped":0,"pct":30},"functions":{"total":2,"covered":1,"skipped":0,"pct":50},"statements":{"total":10,"covered":3,"skipped":0,"pct":30},"branches":{"total":4,"covered":1,"skipped":0,"pct":25}}
,"/home/runner/work/react-redux-saga-boilerplate/react-redux-saga-boilerplate/src/Packages/src/Common/translator/domain/reducer.ts": {"lines":{"total":6,"covered":1,"skipped":0,"pct":16.67},"functions":{"total":1,"covered":0,"skipped":0,"pct":0},"statements":{"total":6,"covered":1,"skipped":0,"pct":16.67},"branches":{"total":5,"covered":0,"skipped":0,"pct":0}}
,"/home/runner/work/react-redux-saga-boilerplate/react-redux-saga-boilerplate/src/Packages/src/Common/translator/domain/types.ts": {"lines":{"total":0,"covered":0,"skipped":0,"pct":100},"functions":{"total":0,"covered":0,"skipped":0,"pct":100},"statements":{"total":0,"covered":0,"skipped":0,"pct":100},"branches":{"total":0,"covered":0,"skipped":0,"pct":100}}
,"/home/runner/work/react-redux-saga-boilerplate/react-redux-saga-boilerplate/src/Packages/src/Common/translator/domain/saga/flow/index.ts": {"lines":{"total":12,"covered":0,"skipped":0,"pct":0},"functions":{"total":4,"covered":0,"skipped":0,"pct":0},"statements":{"total":12,"covered":0,"skipped":0,"pct":0},"branches":{"total":4,"covered":0,"skipped":0,"pct":0}}
,"/home/runner/work/react-redux-saga-boilerplate/react-redux-saga-boilerplate/src/Packages/src/Common/translator/domain/translation/en.ts": {"lines":{"total":1,"covered":1,"skipped":0,"pct":100},"functions":{"total":0,"covered":0,"skipped":0,"pct":100},"statements":{"total":1,"covered":1,"skipped":0,"pct":100},"branches":{"total":0,"covered":0,"skipped":0,"pct":100}}
,"/home/runner/work/react-redux-saga-boilerplate/react-redux-saga-boilerplate/src/Packages/src/Common/translator/web/TranslatedTextWC.tsx": {"lines":{"total":10,"covered":8,"skipped":0,"pct":80},"functions":{"total":3,"covered":3,"skipped":0,"pct":100},"statements":{"total":10,"covered":8,"skipped":0,"pct":80},"branches":{"total":4,"covered":2,"skipped":0,"pct":50}}
,"/home/runner/work/react-redux-saga-boilerplate/react-redux-saga-boilerplate/src/Packages/src/Common/translator/web/index.ts": {"lines":{"total":0,"covered":0,"skipped":0,"pct":100},"functions":{"total":0,"covered":0,"skipped":0,"pct":100},"statements":{"total":0,"covered":0,"skipped":0,"pct":100},"branches":{"total":0,"covered":0,"skipped":0,"pct":100}}
,"/home/runner/work/react-redux-saga-boilerplate/react-redux-saga-boilerplate/src/Packages/src/Entity/CommonTypes.ts": {"lines":{"total":2,"covered":0,"skipped":0,"pct":0},"functions":{"total":2,"covered":0,"skipped":0,"pct":0},"statements":{"total":2,"covered":0,"skipped":0,"pct":0},"branches":{"total":0,"covered":0,"skipped":0,"pct":100}}
}
