{"O:\\NODEJS_PROJECTS\\boilerplateFrontendReactRedux\\src\\Common\\Domain\\Toaster\\Types.ts": {"path":"O:\\NODEJS_PROJECTS\\boilerplateFrontendReactRedux\\src\\Common\\Domain\\Toaster\\Types.ts","statementMap":{"0":{"start":{"line":11,"column":0},"end":{"line":11,"column":null}},"1":{"start":{"line":12,"column":4},"end":{"line":12,"column":null}},"2":{"start":{"line":13,"column":4},"end":{"line":13,"column":null}},"3":{"start":{"line":14,"column":4},"end":{"line":14,"column":null}},"4":{"start":{"line":15,"column":4},"end":{"line":15,"column":null}},"5":{"start":{"line":41,"column":0},"end":{"line":41,"column":null}},"6":{"start":{"line":42,"column":4},"end":{"line":42,"column":null}},"7":{"start":{"line":43,"column":4},"end":{"line":43,"column":null}},"8":{"start":{"line":44,"column":4},"end":{"line":44,"column":null}},"9":{"start":{"line":45,"column":4},"end":{"line":45,"column":null}},"10":{"start":{"line":46,"column":4},"end":{"line":46,"column":null}},"11":{"start":{"line":47,"column":4},"end":{"line":47,"column":null}},"12":{"start":{"line":48,"column":4},"end":{"line":48,"column":null}},"13":{"start":{"line":49,"column":4},"end":{"line":49,"column":null}},"14":{"start":{"line":50,"column":4},"end":{"line":50,"column":null}},"15":{"start":{"line":72,"column":0},"end":{"line":72,"column":null}},"16":{"start":{"line":73,"column":4},"end":{"line":73,"column":null}},"17":{"start":{"line":74,"column":4},"end":{"line":74,"column":null}}},"fnMap":{"0":{"name":"(anonymous_0)","decl":{"start":{"line":11,"column":0},"end":{"line":11,"column":12}},"loc":{"start":{"line":11,"column":22},"end":{"line":16,"column":1}}},"1":{"name":"(anonymous_1)","decl":{"start":{"line":41,"column":0},"end":{"line":41,"column":12}},"loc":{"start":{"line":41,"column":29},"end":{"line":51,"column":1}}},"2":{"name":"(anonymous_2)","decl":{"start":{"line":72,"column":0},"end":{"line":72,"column":12}},"loc":{"start":{"line":72,"column":31},"end":{"line":75,"column":1}}}},"branchMap":{"0":{"loc":{"start":{"line":11,"column":12},"end":{"line":11,"column":22}},"type":"binary-expr","locations":[{"start":{"line":11,"column":12},"end":{"line":11,"column":22}},{"start":{"line":11,"column":12},"end":{"line":11,"column":null}}]},"1":{"loc":{"start":{"line":41,"column":12},"end":{"line":41,"column":29}},"type":"binary-expr","locations":[{"start":{"line":41,"column":12},"end":{"line":41,"column":29}},{"start":{"line":41,"column":12},"end":{"line":41,"column":null}}]},"2":{"loc":{"start":{"line":72,"column":12},"end":{"line":72,"column":31}},"type":"binary-expr","locations":[{"start":{"line":72,"column":12},"end":{"line":72,"column":31}},{"start":{"line":72,"column":12},"end":{"line":72,"column":null}}]}},"s":{"0":2,"1":2,"2":2,"3":2,"4":2,"5":2,"6":2,"7":2,"8":2,"9":2,"10":2,"11":2,"12":2,"13":2,"14":2,"15":2,"16":2,"17":2},"f":{"0":2,"1":2,"2":2},"b":{"0":[2,2],"1":[2,2],"2":[2,2]}}
,"O:\\NODEJS_PROJECTS\\boilerplateFrontendReactRedux\\src\\Common\\Domain\\Toaster\\Command\\RemoveMessage.ts": {"path":"O:\\NODEJS_PROJECTS\\boilerplateFrontendReactRedux\\src\\Common\\Domain\\Toaster\\Command\\RemoveMessage.ts","statementMap":{"0":{"start":{"line":2,"column":0},"end":{"line":2,"column":64}},"1":{"start":{"line":5,"column":4},"end":{"line":10,"column":6}},"2":{"start":{"line":4,"column":0},"end":{"line":4,"column":16}}},"fnMap":{"0":{"name":"createRemoveMessage","decl":{"start":{"line":4,"column":16},"end":{"line":4,"column":35}},"loc":{"start":{"line":4,"column":53},"end":{"line":11,"column":1}}}},"branchMap":{},"s":{"0":1,"1":0,"2":1},"f":{"0":0},"b":{}}
,"O:\\NODEJS_PROJECTS\\boilerplateFrontendReactRedux\\src\\Common\\Domain\\Toaster\\Command\\ShowMessage.ts": {"path":"O:\\NODEJS_PROJECTS\\boilerplateFrontendReactRedux\\src\\Common\\Domain\\Toaster\\Command\\ShowMessage.ts","statementMap":{"0":{"start":{"line":2,"column":0},"end":{"line":2,"column":76}},"1":{"start":{"line":5,"column":4},"end":{"line":8,"column":6}},"2":{"start":{"line":4,"column":0},"end":{"line":4,"column":16}}},"fnMap":{"0":{"name":"createShowMessage","decl":{"start":{"line":4,"column":16},"end":{"line":4,"column":33}},"loc":{"start":{"line":4,"column":63},"end":{"line":9,"column":1}}}},"branchMap":{},"s":{"0":1,"1":2,"2":1},"f":{"0":2},"b":{}}
,"O:\\NODEJS_PROJECTS\\boilerplateFrontendReactRedux\\src\\Common\\Domain\\Toaster\\Event\\MessageIntroAnimationsWereFinished.ts": {"path":"O:\\NODEJS_PROJECTS\\boilerplateFrontendReactRedux\\src\\Common\\Domain\\Toaster\\Event\\MessageIntroAnimationsWereFinished.ts","statementMap":{"0":{"start":{"line":1,"column":0},"end":{"line":1,"column":62}},"1":{"start":{"line":5,"column":4},"end":{"line":10,"column":6}},"2":{"start":{"line":4,"column":0},"end":{"line":4,"column":16}}},"fnMap":{"0":{"name":"createMessageIntroAnimationsWereFinished","decl":{"start":{"line":4,"column":16},"end":{"line":4,"column":56}},"loc":{"start":{"line":4,"column":77},"end":{"line":11,"column":1}}}},"branchMap":{},"s":{"0":1,"1":0,"2":1},"f":{"0":0},"b":{}}
,"O:\\NODEJS_PROJECTS\\boilerplateFrontendReactRedux\\src\\Common\\Domain\\Toaster\\Event\\MessageWasAddedToPipeline.ts": {"path":"O:\\NODEJS_PROJECTS\\boilerplateFrontendReactRedux\\src\\Common\\Domain\\Toaster\\Event\\MessageWasAddedToPipeline.ts","statementMap":{"0":{"start":{"line":1,"column":0},"end":{"line":1,"column":76}},"1":{"start":{"line":5,"column":4},"end":{"line":10,"column":6}},"2":{"start":{"line":4,"column":0},"end":{"line":4,"column":16}}},"fnMap":{"0":{"name":"createMessageWasAddedToPipeline","decl":{"start":{"line":4,"column":16},"end":{"line":4,"column":47}},"loc":{"start":{"line":4,"column":74},"end":{"line":11,"column":1}}}},"branchMap":{},"s":{"0":1,"1":1,"2":1},"f":{"0":1},"b":{}}
,"O:\\NODEJS_PROJECTS\\boilerplateFrontendReactRedux\\src\\Common\\Domain\\Toaster\\Event\\MessagesWereAddedToToast.ts": {"path":"O:\\NODEJS_PROJECTS\\boilerplateFrontendReactRedux\\src\\Common\\Domain\\Toaster\\Event\\MessagesWereAddedToToast.ts","statementMap":{"0":{"start":{"line":1,"column":0},"end":{"line":1,"column":71}},"1":{"start":{"line":5,"column":4},"end":{"line":11,"column":6}},"2":{"start":{"line":4,"column":0},"end":{"line":4,"column":16}}},"fnMap":{"0":{"name":"createMessagesWereAddedToToast","decl":{"start":{"line":4,"column":16},"end":{"line":4,"column":46}},"loc":{"start":{"line":4,"column":83},"end":{"line":12,"column":1}}}},"branchMap":{},"s":{"0":1,"1":0,"2":1},"f":{"0":0},"b":{}}
,"O:\\NODEJS_PROJECTS\\boilerplateFrontendReactRedux\\src\\Common\\Domain\\Toaster\\Event\\Reducer.ts": {"path":"O:\\NODEJS_PROJECTS\\boilerplateFrontendReactRedux\\src\\Common\\Domain\\Toaster\\Event\\Reducer.ts","statementMap":{"0":{"start":{"line":1,"column":0},"end":{"line":1,"column":90}},"1":{"start":{"line":4,"column":42},"end":{"line":7,"column":2}},"2":{"start":{"line":9,"column":13},"end":{"line":157,"column":null}},"3":{"start":{"line":10,"column":4},"end":{"line":12,"column":null}},"4":{"start":{"line":11,"column":8},"end":{"line":11,"column":21}},"5":{"start":{"line":14,"column":4},"end":{"line":22,"column":null}},"6":{"start":{"line":15,"column":8},"end":{"line":20,"column":null}},"7":{"start":{"line":24,"column":4},"end":{"line":48,"column":null}},"8":{"start":{"line":25,"column":32},"end":{"line":25,"column":85}},"9":{"start":{"line":25,"column":73},"end":{"line":25,"column":83}},"10":{"start":{"line":26,"column":30},"end":{"line":29,"column":11}},"11":{"start":{"line":26,"column":70},"end":{"line":28,"column":null}},"12":{"start":{"line":30,"column":8},"end":{"line":46,"column":null}},"13":{"start":{"line":33,"column":35},"end":{"line":33,"column":85}},"14":{"start":{"line":36,"column":16},"end":{"line":38,"column":null}},"15":{"start":{"line":37,"column":20},"end":{"line":37,"column":33}},"16":{"start":{"line":39,"column":16},"end":{"line":44,"column":null}},"17":{"start":{"line":50,"column":4},"end":{"line":71,"column":null}},"18":{"start":{"line":51,"column":32},"end":{"line":51,"column":91}},"19":{"start":{"line":51,"column":79},"end":{"line":51,"column":89}},"20":{"start":{"line":52,"column":8},"end":{"line":69,"column":null}},"21":{"start":{"line":55,"column":35},"end":{"line":55,"column":85}},"22":{"start":{"line":61,"column":73},"end":{"line":63,"column":null}},"23":{"start":{"line":73,"column":4},"end":{"line":89,"column":null}},"24":{"start":{"line":74,"column":8},"end":{"line":87,"column":null}},"25":{"start":{"line":76,"column":48},"end":{"line":86,"column":null}},"26":{"start":{"line":79,"column":20},"end":{"line":84,"column":null}},"27":{"start":{"line":80,"column":24},"end":{"line":82,"column":null}},"28":{"start":{"line":85,"column":20},"end":{"line":85,"column":35}},"29":{"start":{"line":91,"column":4},"end":{"line":104,"column":null}},"30":{"start":{"line":92,"column":8},"end":{"line":102,"column":null}},"31":{"start":{"line":95,"column":16},"end":{"line":100,"column":null}},"32":{"start":{"line":96,"column":20},"end":{"line":98,"column":null}},"33":{"start":{"line":101,"column":16},"end":{"line":101,"column":29}},"34":{"start":{"line":106,"column":4},"end":{"line":119,"column":null}},"35":{"start":{"line":107,"column":8},"end":{"line":117,"column":null}},"36":{"start":{"line":110,"column":16},"end":{"line":115,"column":null}},"37":{"start":{"line":111,"column":20},"end":{"line":113,"column":null}},"38":{"start":{"line":116,"column":16},"end":{"line":116,"column":29}},"39":{"start":{"line":121,"column":4},"end":{"line":137,"column":null}},"40":{"start":{"line":122,"column":8},"end":{"line":135,"column":null}},"41":{"start":{"line":124,"column":48},"end":{"line":134,"column":null}},"42":{"start":{"line":127,"column":20},"end":{"line":132,"column":null}},"43":{"start":{"line":128,"column":24},"end":{"line":130,"column":null}},"44":{"start":{"line":133,"column":20},"end":{"line":133,"column":35}},"45":{"start":{"line":139,"column":4},"end":{"line":144,"column":null}},"46":{"start":{"line":140,"column":8},"end":{"line":142,"column":null}},"47":{"start":{"line":142,"column":52},"end":{"line":142,"column":86}},"48":{"start":{"line":146,"column":4},"end":{"line":154,"column":null}},"49":{"start":{"line":147,"column":8},"end":{"line":152,"column":null}},"50":{"start":{"line":149,"column":48},"end":{"line":151,"column":null}},"51":{"start":{"line":151,"column":62},"end":{"line":151,"column":100}},"52":{"start":{"line":156,"column":4},"end":{"line":156,"column":17}}},"fnMap":{"0":{"name":"(anonymous_0)","decl":{"start":{"line":9,"column":67},"end":{"line":9,"column":76}},"loc":{"start":{"line":9,"column":139},"end":{"line":157,"column":1}}},"1":{"name":"(anonymous_1)","decl":{"start":{"line":25,"column":59},"end":{"line":25,"column":60}},"loc":{"start":{"line":25,"column":73},"end":{"line":25,"column":83}}},"2":{"name":"(anonymous_2)","decl":{"start":{"line":26,"column":57},"end":{"line":26,"column":58}},"loc":{"start":{"line":26,"column":70},"end":{"line":28,"column":null}}},"3":{"name":"(anonymous_3)","decl":{"start":{"line":33,"column":16},"end":{"line":33,"column":17}},"loc":{"start":{"line":33,"column":35},"end":{"line":33,"column":85}}},"4":{"name":"(anonymous_4)","decl":{"start":{"line":35,"column":37},"end":{"line":35,"column":38}},"loc":{"start":{"line":35,"column":47},"end":{"line":46,"column":13}}},"5":{"name":"(anonymous_5)","decl":{"start":{"line":51,"column":65},"end":{"line":51,"column":66}},"loc":{"start":{"line":51,"column":79},"end":{"line":51,"column":89}}},"6":{"name":"(anonymous_6)","decl":{"start":{"line":55,"column":16},"end":{"line":55,"column":17}},"loc":{"start":{"line":55,"column":35},"end":{"line":55,"column":85}}},"7":{"name":"(anonymous_7)","decl":{"start":{"line":61,"column":60},"end":{"line":61,"column":61}},"loc":{"start":{"line":61,"column":73},"end":{"line":63,"column":null}}},"8":{"name":"(anonymous_8)","decl":{"start":{"line":76,"column":37},"end":{"line":76,"column":38}},"loc":{"start":{"line":76,"column":48},"end":{"line":86,"column":null}}},"9":{"name":"(anonymous_9)","decl":{"start":{"line":78,"column":45},"end":{"line":78,"column":46}},"loc":{"start":{"line":78,"column":57},"end":{"line":86,"column":17}}},"10":{"name":"(anonymous_10)","decl":{"start":{"line":94,"column":37},"end":{"line":94,"column":38}},"loc":{"start":{"line":94,"column":47},"end":{"line":102,"column":13}}},"11":{"name":"(anonymous_11)","decl":{"start":{"line":109,"column":37},"end":{"line":109,"column":38}},"loc":{"start":{"line":109,"column":47},"end":{"line":117,"column":13}}},"12":{"name":"(anonymous_12)","decl":{"start":{"line":124,"column":37},"end":{"line":124,"column":38}},"loc":{"start":{"line":124,"column":48},"end":{"line":134,"column":null}}},"13":{"name":"(anonymous_13)","decl":{"start":{"line":126,"column":45},"end":{"line":126,"column":46}},"loc":{"start":{"line":126,"column":57},"end":{"line":134,"column":17}}},"14":{"name":"(anonymous_14)","decl":{"start":{"line":142,"column":40},"end":{"line":142,"column":41}},"loc":{"start":{"line":142,"column":52},"end":{"line":142,"column":86}}},"15":{"name":"(anonymous_15)","decl":{"start":{"line":149,"column":37},"end":{"line":149,"column":38}},"loc":{"start":{"line":149,"column":48},"end":{"line":151,"column":null}}},"16":{"name":"(anonymous_16)","decl":{"start":{"line":151,"column":48},"end":{"line":151,"column":49}},"loc":{"start":{"line":151,"column":62},"end":{"line":151,"column":100}}}},"branchMap":{"0":{"loc":{"start":{"line":9,"column":98},"end":{"line":9,"column":117}},"type":"default-arg","locations":[{"start":{"line":9,"column":98},"end":{"line":9,"column":117}}]},"1":{"loc":{"start":{"line":10,"column":4},"end":{"line":12,"column":null}},"type":"if","locations":[{"start":{"line":10,"column":4},"end":{"line":12,"column":null}},{"start":{"line":10,"column":4},"end":{"line":12,"column":null}}]},"2":{"loc":{"start":{"line":14,"column":4},"end":{"line":22,"column":null}},"type":"if","locations":[{"start":{"line":14,"column":4},"end":{"line":22,"column":null}},{"start":{"line":14,"column":4},"end":{"line":22,"column":null}}]},"3":{"loc":{"start":{"line":24,"column":4},"end":{"line":48,"column":null}},"type":"if","locations":[{"start":{"line":24,"column":4},"end":{"line":48,"column":null}},{"start":{"line":24,"column":4},"end":{"line":48,"column":null}}]},"4":{"loc":{"start":{"line":36,"column":16},"end":{"line":38,"column":null}},"type":"if","locations":[{"start":{"line":36,"column":16},"end":{"line":38,"column":null}},{"start":{"line":36,"column":16},"end":{"line":38,"column":null}}]},"5":{"loc":{"start":{"line":50,"column":4},"end":{"line":71,"column":null}},"type":"if","locations":[{"start":{"line":50,"column":4},"end":{"line":71,"column":null}},{"start":{"line":50,"column":4},"end":{"line":71,"column":null}}]},"6":{"loc":{"start":{"line":73,"column":4},"end":{"line":89,"column":null}},"type":"if","locations":[{"start":{"line":73,"column":4},"end":{"line":89,"column":null}},{"start":{"line":73,"column":4},"end":{"line":89,"column":null}}]},"7":{"loc":{"start":{"line":79,"column":20},"end":{"line":84,"column":null}},"type":"if","locations":[{"start":{"line":79,"column":20},"end":{"line":84,"column":null}},{"start":{"line":79,"column":20},"end":{"line":84,"column":null}}]},"8":{"loc":{"start":{"line":91,"column":4},"end":{"line":104,"column":null}},"type":"if","locations":[{"start":{"line":91,"column":4},"end":{"line":104,"column":null}},{"start":{"line":91,"column":4},"end":{"line":104,"column":null}}]},"9":{"loc":{"start":{"line":95,"column":16},"end":{"line":100,"column":null}},"type":"if","locations":[{"start":{"line":95,"column":16},"end":{"line":100,"column":null}},{"start":{"line":95,"column":16},"end":{"line":100,"column":null}}]},"10":{"loc":{"start":{"line":106,"column":4},"end":{"line":119,"column":null}},"type":"if","locations":[{"start":{"line":106,"column":4},"end":{"line":119,"column":null}},{"start":{"line":106,"column":4},"end":{"line":119,"column":null}}]},"11":{"loc":{"start":{"line":110,"column":16},"end":{"line":115,"column":null}},"type":"if","locations":[{"start":{"line":110,"column":16},"end":{"line":115,"column":null}},{"start":{"line":110,"column":16},"end":{"line":115,"column":null}}]},"12":{"loc":{"start":{"line":121,"column":4},"end":{"line":137,"column":null}},"type":"if","locations":[{"start":{"line":121,"column":4},"end":{"line":137,"column":null}},{"start":{"line":121,"column":4},"end":{"line":137,"column":null}}]},"13":{"loc":{"start":{"line":127,"column":20},"end":{"line":132,"column":null}},"type":"if","locations":[{"start":{"line":127,"column":20},"end":{"line":132,"column":null}},{"start":{"line":127,"column":20},"end":{"line":132,"column":null}}]},"14":{"loc":{"start":{"line":139,"column":4},"end":{"line":144,"column":null}},"type":"if","locations":[{"start":{"line":139,"column":4},"end":{"line":144,"column":null}},{"start":{"line":139,"column":4},"end":{"line":144,"column":null}}]},"15":{"loc":{"start":{"line":146,"column":4},"end":{"line":154,"column":null}},"type":"if","locations":[{"start":{"line":146,"column":4},"end":{"line":154,"column":null}},{"start":{"line":146,"column":4},"end":{"line":154,"column":null}}]}},"s":{"0":1,"1":1,"2":1,"3":5,"4":0,"5":5,"6":1,"7":4,"8":0,"9":0,"10":0,"11":0,"12":0,"13":0,"14":0,"15":0,"16":0,"17":4,"18":1,"19":1,"20":1,"21":1,"22":1,"23":3,"24":0,"25":0,"26":0,"27":0,"28":0,"29":3,"30":1,"31":1,"32":1,"33":0,"34":2,"35":0,"36":0,"37":0,"38":0,"39":2,"40":0,"41":0,"42":0,"43":0,"44":0,"45":2,"46":0,"47":0,"48":2,"49":0,"50":0,"51":0,"52":2},"f":{"0":5,"1":0,"2":0,"3":0,"4":0,"5":1,"6":1,"7":1,"8":0,"9":0,"10":1,"11":0,"12":0,"13":0,"14":0,"15":0,"16":0},"b":{"0":[2],"1":[0,5],"2":[1,4],"3":[0,4],"4":[0,0],"5":[1,3],"6":[0,3],"7":[0,0],"8":[1,2],"9":[1,0],"10":[0,2],"11":[0,0],"12":[0,2],"13":[0,0],"14":[0,2],"15":[0,2]}}
,"O:\\NODEJS_PROJECTS\\boilerplateFrontendReactRedux\\src\\Common\\Domain\\Toaster\\Event\\ToastIntroAnimationWasFinished.ts": {"path":"O:\\NODEJS_PROJECTS\\boilerplateFrontendReactRedux\\src\\Common\\Domain\\Toaster\\Event\\ToastIntroAnimationWasFinished.ts","statementMap":{"0":{"start":{"line":1,"column":0},"end":{"line":1,"column":62}},"1":{"start":{"line":5,"column":4},"end":{"line":10,"column":6}},"2":{"start":{"line":4,"column":0},"end":{"line":4,"column":16}}},"fnMap":{"0":{"name":"createToastIntroAnimationWasFinished","decl":{"start":{"line":4,"column":16},"end":{"line":4,"column":52}},"loc":{"start":{"line":4,"column":68},"end":{"line":11,"column":1}}}},"branchMap":{},"s":{"0":1,"1":1,"2":1},"f":{"0":1},"b":{}}
,"O:\\NODEJS_PROJECTS\\boilerplateFrontendReactRedux\\src\\Common\\Domain\\Toaster\\Event\\ToastWasAdded.ts": {"path":"O:\\NODEJS_PROJECTS\\boilerplateFrontendReactRedux\\src\\Common\\Domain\\Toaster\\Event\\ToastWasAdded.ts","statementMap":{"0":{"start":{"line":1,"column":0},"end":{"line":1,"column":69}},"1":{"start":{"line":5,"column":4},"end":{"line":10,"column":6}},"2":{"start":{"line":4,"column":0},"end":{"line":4,"column":16}}},"fnMap":{"0":{"name":"createToastWasAdded","decl":{"start":{"line":4,"column":16},"end":{"line":4,"column":35}},"loc":{"start":{"line":4,"column":48},"end":{"line":11,"column":1}}}},"branchMap":{},"s":{"0":1,"1":1,"2":1},"f":{"0":1},"b":{}}
,"O:\\NODEJS_PROJECTS\\boilerplateFrontendReactRedux\\src\\Common\\Domain\\Toaster\\Query\\CommonToastIdByTypeQuery.ts": {"path":"O:\\NODEJS_PROJECTS\\boilerplateFrontendReactRedux\\src\\Common\\Domain\\Toaster\\Query\\CommonToastIdByTypeQuery.ts","statementMap":{"0":{"start":{"line":1,"column":0},"end":{"line":1,"column":55}},"1":{"start":{"line":3,"column":0},"end":{"line":3,"column":null}},"2":{"start":{"line":4,"column":4},"end":{"line":4,"column":null}},"3":{"start":{"line":5,"column":4},"end":{"line":5,"column":null}},"4":{"start":{"line":6,"column":4},"end":{"line":6,"column":null}},"5":{"start":{"line":7,"column":4},"end":{"line":7,"column":null}},"6":{"start":{"line":11,"column":4},"end":{"line":13,"column":null}},"7":{"start":{"line":12,"column":8},"end":{"line":12,"column":35}},"8":{"start":{"line":14,"column":4},"end":{"line":16,"column":null}},"9":{"start":{"line":15,"column":8},"end":{"line":15,"column":38}},"10":{"start":{"line":17,"column":4},"end":{"line":19,"column":null}},"11":{"start":{"line":18,"column":8},"end":{"line":18,"column":38}},"12":{"start":{"line":20,"column":4},"end":{"line":22,"column":null}},"13":{"start":{"line":21,"column":8},"end":{"line":21,"column":36}},"14":{"start":{"line":23,"column":4},"end":{"line":23,"column":63}},"15":{"start":{"line":10,"column":0},"end":{"line":10,"column":16}}},"fnMap":{"0":{"name":"(anonymous_0)","decl":{"start":{"line":3,"column":0},"end":{"line":3,"column":12}},"loc":{"start":{"line":3,"column":26},"end":{"line":8,"column":1}}},"1":{"name":"getCommonToastIdByType","decl":{"start":{"line":10,"column":16},"end":{"line":10,"column":38}},"loc":{"start":{"line":10,"column":55},"end":{"line":24,"column":1}}}},"branchMap":{"0":{"loc":{"start":{"line":3,"column":12},"end":{"line":3,"column":26}},"type":"binary-expr","locations":[{"start":{"line":3,"column":12},"end":{"line":3,"column":26}},{"start":{"line":3,"column":12},"end":{"line":3,"column":null}}]},"1":{"loc":{"start":{"line":11,"column":4},"end":{"line":13,"column":null}},"type":"if","locations":[{"start":{"line":11,"column":4},"end":{"line":13,"column":null}},{"start":{"line":11,"column":4},"end":{"line":13,"column":null}}]},"2":{"loc":{"start":{"line":14,"column":4},"end":{"line":16,"column":null}},"type":"if","locations":[{"start":{"line":14,"column":4},"end":{"line":16,"column":null}},{"start":{"line":14,"column":4},"end":{"line":16,"column":null}}]},"3":{"loc":{"start":{"line":17,"column":4},"end":{"line":19,"column":null}},"type":"if","locations":[{"start":{"line":17,"column":4},"end":{"line":19,"column":null}},{"start":{"line":17,"column":4},"end":{"line":19,"column":null}}]},"4":{"loc":{"start":{"line":20,"column":4},"end":{"line":22,"column":null}},"type":"if","locations":[{"start":{"line":20,"column":4},"end":{"line":22,"column":null}},{"start":{"line":20,"column":4},"end":{"line":22,"column":null}}]}},"s":{"0":1,"1":1,"2":1,"3":1,"4":1,"5":1,"6":1,"7":1,"8":0,"9":0,"10":0,"11":0,"12":0,"13":0,"14":0,"15":1},"f":{"0":1,"1":1},"b":{"0":[1,1],"1":[1,0],"2":[0,0],"3":[0,0],"4":[0,0]}}
,"O:\\NODEJS_PROJECTS\\boilerplateFrontendReactRedux\\src\\Common\\Domain\\Toaster\\Query\\MessageQuery.ts": {"path":"O:\\NODEJS_PROJECTS\\boilerplateFrontendReactRedux\\src\\Common\\Domain\\Toaster\\Query\\MessageQuery.ts","statementMap":{"0":{"start":{"line":4,"column":4},"end":{"line":10,"column":null}},"1":{"start":{"line":5,"column":22},"end":{"line":5,"column":41}},"2":{"start":{"line":6,"column":29},"end":{"line":6,"column":89}},"3":{"start":{"line":6,"column":63},"end":{"line":6,"column":87}},"4":{"start":{"line":7,"column":8},"end":{"line":9,"column":null}},"5":{"start":{"line":8,"column":12},"end":{"line":8,"column":32}},"6":{"start":{"line":11,"column":4},"end":{"line":11,"column":16}},"7":{"start":{"line":3,"column":0},"end":{"line":3,"column":16}},"8":{"start":{"line":15,"column":25},"end":{"line":15,"column":108}},"9":{"start":{"line":15,"column":69},"end":{"line":15,"column":106}},"10":{"start":{"line":16,"column":4},"end":{"line":18,"column":null}},"11":{"start":{"line":17,"column":8},"end":{"line":17,"column":28}},"12":{"start":{"line":19,"column":4},"end":{"line":19,"column":16}},"13":{"start":{"line":14,"column":0},"end":{"line":14,"column":16}},"14":{"start":{"line":23,"column":18},"end":{"line":23,"column":70}},"15":{"start":{"line":23,"column":48},"end":{"line":23,"column":68}},"16":{"start":{"line":24,"column":4},"end":{"line":26,"column":null}},"17":{"start":{"line":25,"column":8},"end":{"line":25,"column":18}},"18":{"start":{"line":27,"column":4},"end":{"line":27,"column":82}},"19":{"start":{"line":27,"column":47},"end":{"line":27,"column":79}},"20":{"start":{"line":22,"column":0},"end":{"line":22,"column":16}}},"fnMap":{"0":{"name":"findMessageById","decl":{"start":{"line":3,"column":16},"end":{"line":3,"column":31}},"loc":{"start":{"line":3,"column":70},"end":{"line":12,"column":1}}},"1":{"name":"(anonymous_1)","decl":{"start":{"line":6,"column":49},"end":{"line":6,"column":50}},"loc":{"start":{"line":6,"column":63},"end":{"line":6,"column":87}}},"2":{"name":"findMessageToAddByMessageId","decl":{"start":{"line":14,"column":16},"end":{"line":14,"column":43}},"loc":{"start":{"line":14,"column":82},"end":{"line":20,"column":1}}},"3":{"name":"(anonymous_3)","decl":{"start":{"line":15,"column":50},"end":{"line":15,"column":51}},"loc":{"start":{"line":15,"column":69},"end":{"line":15,"column":106}}},"4":{"name":"getNonRemovingMessagesInToast","decl":{"start":{"line":22,"column":16},"end":{"line":22,"column":45}},"loc":{"start":{"line":22,"column":82},"end":{"line":28,"column":1}}},"5":{"name":"(anonymous_5)","decl":{"start":{"line":23,"column":36},"end":{"line":23,"column":37}},"loc":{"start":{"line":23,"column":48},"end":{"line":23,"column":68}}},"6":{"name":"(anonymous_6)","decl":{"start":{"line":27,"column":33},"end":{"line":27,"column":34}},"loc":{"start":{"line":27,"column":47},"end":{"line":27,"column":79}}}},"branchMap":{"0":{"loc":{"start":{"line":7,"column":8},"end":{"line":9,"column":null}},"type":"if","locations":[{"start":{"line":7,"column":8},"end":{"line":9,"column":null}},{"start":{"line":7,"column":8},"end":{"line":9,"column":null}}]},"1":{"loc":{"start":{"line":16,"column":4},"end":{"line":18,"column":null}},"type":"if","locations":[{"start":{"line":16,"column":4},"end":{"line":18,"column":null}},{"start":{"line":16,"column":4},"end":{"line":18,"column":null}}]},"2":{"loc":{"start":{"line":24,"column":4},"end":{"line":26,"column":null}},"type":"if","locations":[{"start":{"line":24,"column":4},"end":{"line":26,"column":null}},{"start":{"line":24,"column":4},"end":{"line":26,"column":null}}]}},"s":{"0":0,"1":0,"2":0,"3":0,"4":0,"5":0,"6":0,"7":1,"8":2,"9":0,"10":2,"11":0,"12":2,"13":1,"14":0,"15":0,"16":0,"17":0,"18":0,"19":0,"20":1},"f":{"0":0,"1":0,"2":2,"3":0,"4":0,"5":0,"6":0},"b":{"0":[0,0],"1":[0,2],"2":[0,0]}}
,"O:\\NODEJS_PROJECTS\\boilerplateFrontendReactRedux\\src\\Common\\Domain\\Toaster\\Query\\ToastQuery.ts": {"path":"O:\\NODEJS_PROJECTS\\boilerplateFrontendReactRedux\\src\\Common\\Domain\\Toaster\\Query\\ToastQuery.ts","statementMap":{"0":{"start":{"line":4,"column":4},"end":{"line":4,"column":24}},"1":{"start":{"line":3,"column":0},"end":{"line":3,"column":16}},"2":{"start":{"line":8,"column":23},"end":{"line":8,"column":75}},"3":{"start":{"line":8,"column":53},"end":{"line":8,"column":73}},"4":{"start":{"line":9,"column":4},"end":{"line":11,"column":null}},"5":{"start":{"line":10,"column":8},"end":{"line":10,"column":26}},"6":{"start":{"line":12,"column":4},"end":{"line":12,"column":16}},"7":{"start":{"line":7,"column":0},"end":{"line":7,"column":16}},"8":{"start":{"line":16,"column":4},"end":{"line":22,"column":null}},"9":{"start":{"line":17,"column":22},"end":{"line":17,"column":41}},"10":{"start":{"line":18,"column":29},"end":{"line":18,"column":89}},"11":{"start":{"line":18,"column":63},"end":{"line":18,"column":87}},"12":{"start":{"line":19,"column":8},"end":{"line":21,"column":null}},"13":{"start":{"line":20,"column":12},"end":{"line":20,"column":25}},"14":{"start":{"line":23,"column":4},"end":{"line":23,"column":16}},"15":{"start":{"line":15,"column":0},"end":{"line":15,"column":16}}},"fnMap":{"0":{"name":"getAllToasts","decl":{"start":{"line":3,"column":16},"end":{"line":3,"column":28}},"loc":{"start":{"line":3,"column":48},"end":{"line":5,"column":1}}},"1":{"name":"findToastById","decl":{"start":{"line":7,"column":16},"end":{"line":7,"column":29}},"loc":{"start":{"line":7,"column":66},"end":{"line":13,"column":1}}},"2":{"name":"(anonymous_2)","decl":{"start":{"line":8,"column":41},"end":{"line":8,"column":42}},"loc":{"start":{"line":8,"column":53},"end":{"line":8,"column":73}}},"3":{"name":"findToastByMessageId","decl":{"start":{"line":15,"column":16},"end":{"line":15,"column":36}},"loc":{"start":{"line":15,"column":75},"end":{"line":24,"column":1}}},"4":{"name":"(anonymous_4)","decl":{"start":{"line":18,"column":49},"end":{"line":18,"column":50}},"loc":{"start":{"line":18,"column":63},"end":{"line":18,"column":87}}}},"branchMap":{"0":{"loc":{"start":{"line":9,"column":4},"end":{"line":11,"column":null}},"type":"if","locations":[{"start":{"line":9,"column":4},"end":{"line":11,"column":null}},{"start":{"line":9,"column":4},"end":{"line":11,"column":null}}]},"1":{"loc":{"start":{"line":19,"column":8},"end":{"line":21,"column":null}},"type":"if","locations":[{"start":{"line":19,"column":8},"end":{"line":21,"column":null}},{"start":{"line":19,"column":8},"end":{"line":21,"column":null}}]}},"s":{"0":0,"1":1,"2":1,"3":0,"4":1,"5":0,"6":1,"7":1,"8":2,"9":0,"10":0,"11":0,"12":0,"13":0,"14":2,"15":1},"f":{"0":0,"1":1,"2":0,"3":2,"4":0},"b":{"0":[0,1],"1":[0,0]}}
,"O:\\NODEJS_PROJECTS\\boilerplateFrontendReactRedux\\src\\Common\\Domain\\Toaster\\Saga\\Callables\\MoveMessagesFromPipelineToToastsHandling.ts": {"path":"O:\\NODEJS_PROJECTS\\boilerplateFrontendReactRedux\\src\\Common\\Domain\\Toaster\\Saga\\Callables\\MoveMessagesFromPipelineToToastsHandling.ts","statementMap":{"0":{"start":{"line":2,"column":0},"end":{"line":2,"column":29}},"1":{"start":{"line":3,"column":0},"end":{"line":3,"column":92}},"2":{"start":{"line":4,"column":0},"end":{"line":4,"column":73}},"3":{"start":{"line":5,"column":0},"end":{"line":5,"column":80}},"4":{"start":{"line":6,"column":0},"end":{"line":6,"column":69}},"5":{"start":{"line":7,"column":0},"end":{"line":7,"column":78}},"6":{"start":{"line":8,"column":0},"end":{"line":8,"column":112}},"7":{"start":{"line":9,"column":0},"end":{"line":9,"column":100}},"8":{"start":{"line":10,"column":0},"end":{"line":10,"column":120}},"9":{"start":{"line":13,"column":33},"end":{"line":13,"column":35}},"10":{"start":{"line":14,"column":4},"end":{"line":34,"column":7}},"11":{"start":{"line":15,"column":25},"end":{"line":16,"column":75}},"12":{"start":{"line":18,"column":32},"end":{"line":18,"column":90}},"13":{"start":{"line":18,"column":68},"end":{"line":18,"column":88}},"14":{"start":{"line":19,"column":8},"end":{"line":28,"column":null}},"15":{"start":{"line":20,"column":26},"end":{"line":20,"column":56}},"16":{"start":{"line":21,"column":12},"end":{"line":26,"column":15}},"17":{"start":{"line":27,"column":12},"end":{"line":27,"column":19}},"18":{"start":{"line":29,"column":8},"end":{"line":33,"column":11}},"19":{"start":{"line":35,"column":4},"end":{"line":35,"column":25}},"20":{"start":{"line":39,"column":4},"end":{"line":41,"column":null}},"21":{"start":{"line":40,"column":8},"end":{"line":40,"column":15}},"22":{"start":{"line":42,"column":4},"end":{"line":42,"column":49}},"23":{"start":{"line":43,"column":4},"end":{"line":43,"column":47}},"24":{"start":{"line":47,"column":4},"end":{"line":50,"column":null}},"25":{"start":{"line":48,"column":24},"end":{"line":48,"column":39}},"26":{"start":{"line":49,"column":8},"end":{"line":49,"column":62}},"27":{"start":{"line":54,"column":24},"end":{"line":54,"column":68}},"28":{"start":{"line":55,"column":4},"end":{"line":61,"column":null}},"29":{"start":{"line":56,"column":8},"end":{"line":56,"column":53}},"30":{"start":{"line":57,"column":8},"end":{"line":57,"column":25}},"31":{"start":{"line":58,"column":8},"end":{"line":58,"column":73}},"32":{"start":{"line":59,"column":8},"end":{"line":59,"column":76}},"33":{"start":{"line":60,"column":8},"end":{"line":60,"column":15}},"34":{"start":{"line":62,"column":4},"end":{"line":62,"column":86}},"35":{"start":{"line":63,"column":4},"end":{"line":63,"column":21}},"36":{"start":{"line":64,"column":4},"end":{"line":64,"column":106}},"37":{"start":{"line":64,"column":92},"end":{"line":64,"column":102}},"38":{"start":{"line":65,"column":4},"end":{"line":65,"column":72}},"39":{"start":{"line":70,"column":39},"end":{"line":70,"column":73}},"40":{"start":{"line":71,"column":26},"end":{"line":71,"column":56}},"41":{"start":{"line":72,"column":35},"end":{"line":72,"column":40}},"42":{"start":{"line":73,"column":4},"end":{"line":76,"column":null}},"43":{"start":{"line":74,"column":29},"end":{"line":74,"column":49}},"44":{"start":{"line":75,"column":8},"end":{"line":75,"column":87}},"45":{"start":{"line":77,"column":4},"end":{"line":80,"column":null}},"46":{"start":{"line":78,"column":8},"end":{"line":78,"column":25}},"47":{"start":{"line":79,"column":8},"end":{"line":79,"column":83}},"48":{"start":{"line":68,"column":0},"end":{"line":68,"column":15}}},"fnMap":{"0":{"name":"getToastsToMerge","decl":{"start":{"line":12,"column":9},"end":{"line":12,"column":25}},"loc":{"start":{"line":12,"column":52},"end":{"line":36,"column":1}}},"1":{"name":"(anonymous_2)","decl":{"start":{"line":14,"column":39},"end":{"line":14,"column":40}},"loc":{"start":{"line":14,"column":56},"end":{"line":34,"column":5}}},"2":{"name":"(anonymous_3)","decl":{"start":{"line":18,"column":56},"end":{"line":18,"column":57}},"loc":{"start":{"line":18,"column":68},"end":{"line":18,"column":88}}},"3":{"name":"startAutomaticMessageCloseTimer","decl":{"start":{"line":38,"column":10},"end":{"line":38,"column":41}},"loc":{"start":{"line":38,"column":58},"end":{"line":44,"column":1}}},"4":{"name":"startAutomaticMessageCloseTimers","decl":{"start":{"line":46,"column":10},"end":{"line":46,"column":42}},"loc":{"start":{"line":46,"column":62},"end":{"line":51,"column":1}}},"5":{"name":"handleMoveMessagesFromPipelineToToast","decl":{"start":{"line":53,"column":10},"end":{"line":53,"column":47}},"loc":{"start":{"line":53,"column":95},"end":{"line":66,"column":1}}},"6":{"name":"(anonymous_7)","decl":{"start":{"line":64,"column":81},"end":{"line":64,"column":88}},"loc":{"start":{"line":64,"column":92},"end":{"line":64,"column":102}}},"7":{"name":"moveMessagesFromPipelineToToastsHandling","decl":{"start":{"line":68,"column":17},"end":{"line":68,"column":57}},"loc":{"start":{"line":68,"column":100},"end":{"line":81,"column":1}}}},"branchMap":{"0":{"loc":{"start":{"line":16,"column":18},"end":{"line":16,"column":26}},"type":"cond-expr","locations":[{"start":{"line":16,"column":18},"end":{"line":16,"column":26}},{"start":{"line":16,"column":29},"end":{"line":16,"column":75}}]},"1":{"loc":{"start":{"line":19,"column":8},"end":{"line":28,"column":null}},"type":"if","locations":[{"start":{"line":19,"column":8},"end":{"line":28,"column":null}},{"start":{"line":19,"column":8},"end":{"line":28,"column":null}}]},"2":{"loc":{"start":{"line":39,"column":4},"end":{"line":41,"column":null}},"type":"if","locations":[{"start":{"line":39,"column":4},"end":{"line":41,"column":null}},{"start":{"line":39,"column":4},"end":{"line":41,"column":null}}]},"3":{"loc":{"start":{"line":55,"column":4},"end":{"line":61,"column":null}},"type":"if","locations":[{"start":{"line":55,"column":4},"end":{"line":61,"column":null}},{"start":{"line":55,"column":4},"end":{"line":61,"column":null}}]},"4":{"loc":{"start":{"line":77,"column":4},"end":{"line":80,"column":null}},"type":"if","locations":[{"start":{"line":77,"column":4},"end":{"line":80,"column":null}},{"start":{"line":77,"column":4},"end":{"line":80,"column":null}}]}},"s":{"0":1,"1":1,"2":1,"3":1,"4":1,"5":1,"6":1,"7":1,"8":1,"9":1,"10":1,"11":1,"12":1,"13":0,"14":1,"15":0,"16":0,"17":0,"18":1,"19":1,"20":1,"21":1,"22":0,"23":0,"24":1,"25":1,"26":1,"27":1,"28":1,"29":1,"30":1,"31":1,"32":1,"33":1,"34":0,"35":0,"36":0,"37":0,"38":0,"39":1,"40":1,"41":1,"42":1,"43":1,"44":1,"45":1,"46":0,"47":0,"48":1},"f":{"0":1,"1":1,"2":0,"3":1,"4":1,"5":1,"6":0,"7":1},"b":{"0":[0,1],"1":[0,1],"2":[1,0],"3":[1,0],"4":[0,1]}}
,"O:\\NODEJS_PROJECTS\\boilerplateFrontendReactRedux\\src\\Common\\Domain\\Toaster\\Saga\\Callables\\ShowMessageHandling.ts": {"path":"O:\\NODEJS_PROJECTS\\boilerplateFrontendReactRedux\\src\\Common\\Domain\\Toaster\\Saga\\Callables\\ShowMessageHandling.ts","statementMap":{"0":{"start":{"line":2,"column":0},"end":{"line":2,"column":105}},"1":{"start":{"line":3,"column":0},"end":{"line":3,"column":66}},"2":{"start":{"line":4,"column":0},"end":{"line":4,"column":76}},"3":{"start":{"line":5,"column":0},"end":{"line":5,"column":85}},"4":{"start":{"line":6,"column":0},"end":{"line":6,"column":29}},"5":{"start":{"line":7,"column":0},"end":{"line":7,"column":102}},"6":{"start":{"line":8,"column":0},"end":{"line":8,"column":135}},"7":{"start":{"line":11,"column":4},"end":{"line":13,"column":null}},"8":{"start":{"line":12,"column":8},"end":{"line":12,"column":48}},"9":{"start":{"line":14,"column":4},"end":{"line":16,"column":null}},"10":{"start":{"line":15,"column":8},"end":{"line":15,"column":20}},"11":{"start":{"line":17,"column":4},"end":{"line":17,"column":16}},"12":{"start":{"line":21,"column":4},"end":{"line":23,"column":null}},"13":{"start":{"line":22,"column":8},"end":{"line":22,"column":20}},"14":{"start":{"line":24,"column":4},"end":{"line":24,"column":55}},"15":{"start":{"line":29,"column":39},"end":{"line":29,"column":73}},"16":{"start":{"line":30,"column":4},"end":{"line":32,"column":null}},"17":{"start":{"line":31,"column":8},"end":{"line":31,"column":15}},"18":{"start":{"line":33,"column":4},"end":{"line":35,"column":null}},"19":{"start":{"line":34,"column":8},"end":{"line":34,"column":15}},"20":{"start":{"line":36,"column":4},"end":{"line":38,"column":null}},"21":{"start":{"line":37,"column":8},"end":{"line":37,"column":15}},"22":{"start":{"line":39,"column":39},"end":{"line":48,"column":6}},"23":{"start":{"line":49,"column":4},"end":{"line":49,"column":61}},"24":{"start":{"line":50,"column":4},"end":{"line":50,"column":21}},"25":{"start":{"line":51,"column":4},"end":{"line":51,"column":79}},"26":{"start":{"line":27,"column":0},"end":{"line":27,"column":15}}},"fnMap":{"0":{"name":"createAutomaticCloseDelayInMs","decl":{"start":{"line":10,"column":9},"end":{"line":10,"column":38}},"loc":{"start":{"line":10,"column":68},"end":{"line":18,"column":1}}},"1":{"name":"createCanBeClosedManually","decl":{"start":{"line":20,"column":9},"end":{"line":20,"column":34}},"loc":{"start":{"line":20,"column":64},"end":{"line":25,"column":1}}},"2":{"name":"handleShowMessage","decl":{"start":{"line":27,"column":17},"end":{"line":27,"column":34}},"loc":{"start":{"line":27,"column":99},"end":{"line":52,"column":1}}}},"branchMap":{"0":{"loc":{"start":{"line":11,"column":4},"end":{"line":13,"column":null}},"type":"if","locations":[{"start":{"line":11,"column":4},"end":{"line":13,"column":null}},{"start":{"line":11,"column":4},"end":{"line":13,"column":null}}]},"1":{"loc":{"start":{"line":14,"column":4},"end":{"line":16,"column":null}},"type":"if","locations":[{"start":{"line":14,"column":4},"end":{"line":16,"column":null}},{"start":{"line":14,"column":4},"end":{"line":16,"column":null}}]},"2":{"loc":{"start":{"line":21,"column":4},"end":{"line":23,"column":null}},"type":"if","locations":[{"start":{"line":21,"column":4},"end":{"line":23,"column":null}},{"start":{"line":21,"column":4},"end":{"line":23,"column":null}}]},"3":{"loc":{"start":{"line":30,"column":4},"end":{"line":32,"column":null}},"type":"if","locations":[{"start":{"line":30,"column":4},"end":{"line":32,"column":null}},{"start":{"line":30,"column":4},"end":{"line":32,"column":null}}]},"4":{"loc":{"start":{"line":30,"column":8},"end":{"line":30,"column":26}},"type":"binary-expr","locations":[{"start":{"line":30,"column":8},"end":{"line":30,"column":26}},{"start":{"line":30,"column":30},"end":{"line":30,"column":84}}]},"5":{"loc":{"start":{"line":33,"column":4},"end":{"line":35,"column":null}},"type":"if","locations":[{"start":{"line":33,"column":4},"end":{"line":35,"column":null}},{"start":{"line":33,"column":4},"end":{"line":35,"column":null}}]},"6":{"loc":{"start":{"line":33,"column":8},"end":{"line":33,"column":26}},"type":"binary-expr","locations":[{"start":{"line":33,"column":8},"end":{"line":33,"column":26}},{"start":{"line":33,"column":30},"end":{"line":33,"column":91}}]},"7":{"loc":{"start":{"line":36,"column":4},"end":{"line":38,"column":null}},"type":"if","locations":[{"start":{"line":36,"column":4},"end":{"line":38,"column":null}},{"start":{"line":36,"column":4},"end":{"line":38,"column":null}}]},"8":{"loc":{"start":{"line":40,"column":48},"end":{"line":40,"column":73}},"type":"cond-expr","locations":[{"start":{"line":40,"column":48},"end":{"line":40,"column":73}},{"start":{"line":40,"column":76},"end":{"line":40,"column":91}}]},"9":{"loc":{"start":{"line":43,"column":38},"end":{"line":43,"column":56}},"type":"cond-expr","locations":[{"start":{"line":43,"column":38},"end":{"line":43,"column":56}},{"start":{"line":43,"column":59},"end":{"line":43,"column":67}}]}},"s":{"0":1,"1":1,"2":1,"3":1,"4":1,"5":1,"6":1,"7":1,"8":0,"9":1,"10":0,"11":1,"12":1,"13":0,"14":1,"15":2,"16":2,"17":0,"18":2,"19":0,"20":2,"21":1,"22":1,"23":1,"24":1,"25":1,"26":1},"f":{"0":1,"1":1,"2":2},"b":{"0":[0,1],"1":[0,1],"2":[0,1],"3":[0,2],"4":[2,2],"5":[0,2],"6":[2,2],"7":[1,1],"8":[1,0],"9":[1,0]}}
,"O:\\NODEJS_PROJECTS\\boilerplateFrontendReactRedux\\src\\Common\\UI\\Design\\StyleFactory.ts": {"path":"O:\\NODEJS_PROJECTS\\boilerplateFrontendReactRedux\\src\\Common\\UI\\Design\\StyleFactory.ts","statementMap":{"0":{"start":{"line":2,"column":4},"end":{"line":6,"column":6}},"1":{"start":{"line":1,"column":0},"end":{"line":1,"column":16}}},"fnMap":{"0":{"name":"createBoxShadowCss","decl":{"start":{"line":1,"column":16},"end":{"line":1,"column":34}},"loc":{"start":{"line":1,"column":34},"end":{"line":7,"column":1}}}},"branchMap":{},"s":{"0":1,"1":1},"f":{"0":1},"b":{}}
,"O:\\NODEJS_PROJECTS\\boilerplateFrontendReactRedux\\src\\Common\\UI\\Icon\\CloseIcon.tsx": {"path":"O:\\NODEJS_PROJECTS\\boilerplateFrontendReactRedux\\src\\Common\\UI\\Icon\\CloseIcon.tsx","statementMap":{"0":{"start":{"line":1,"column":0},"end":{"line":1,"column":49}},"1":{"start":{"line":2,"column":0},"end":{"line":2,"column":91}},"2":{"start":{"line":3,"column":0},"end":{"line":3,"column":57}},"3":{"start":{"line":6,"column":24},"end":{"line":6,"column":59}},"4":{"start":{"line":8,"column":13},"end":{"line":11,"column":2}},"5":{"start":{"line":9,"column":26},"end":{"line":9,"column":52}},"6":{"start":{"line":10,"column":4},"end":{"line":10,"column":52}}},"fnMap":{"0":{"name":"(anonymous_1)","decl":{"start":{"line":8,"column":60},"end":{"line":8,"column":61}},"loc":{"start":{"line":8,"column":70},"end":{"line":11,"column":1}}}},"branchMap":{},"s":{"0":1,"1":1,"2":1,"3":1,"4":1,"5":0,"6":0},"f":{"0":0},"b":{}}
,"O:\\NODEJS_PROJECTS\\boilerplateFrontendReactRedux\\src\\Common\\UI\\Icon\\Icon.ts": {"path":"O:\\NODEJS_PROJECTS\\boilerplateFrontendReactRedux\\src\\Common\\UI\\Icon\\Icon.ts","statementMap":{"0":{"start":{"line":2,"column":0},"end":{"line":2,"column":58}},"1":{"start":{"line":5,"column":0},"end":{"line":5,"column":null}},"2":{"start":{"line":6,"column":4},"end":{"line":6,"column":null}},"3":{"start":{"line":7,"column":4},"end":{"line":7,"column":null}},"4":{"start":{"line":8,"column":4},"end":{"line":8,"column":null}},"5":{"start":{"line":9,"column":4},"end":{"line":9,"column":null}},"6":{"start":{"line":10,"column":4},"end":{"line":10,"column":null}},"7":{"start":{"line":11,"column":4},"end":{"line":11,"column":null}},"8":{"start":{"line":12,"column":4},"end":{"line":12,"column":null}},"9":{"start":{"line":15,"column":0},"end":{"line":15,"column":null}},"10":{"start":{"line":16,"column":4},"end":{"line":16,"column":null}},"11":{"start":{"line":17,"column":4},"end":{"line":17,"column":null}},"12":{"start":{"line":18,"column":4},"end":{"line":18,"column":null}},"13":{"start":{"line":19,"column":4},"end":{"line":19,"column":null}},"14":{"start":{"line":20,"column":4},"end":{"line":20,"column":null}},"15":{"start":{"line":23,"column":0},"end":{"line":23,"column":null}},"16":{"start":{"line":24,"column":4},"end":{"line":24,"column":null}},"17":{"start":{"line":25,"column":4},"end":{"line":25,"column":null}},"18":{"start":{"line":26,"column":4},"end":{"line":26,"column":null}},"19":{"start":{"line":38,"column":4},"end":{"line":67,"column":6}},"20":{"start":{"line":39,"column":50},"end":{"line":39,"column":71}},"21":{"start":{"line":42,"column":64},"end":{"line":42,"column":85}},"22":{"start":{"line":43,"column":67},"end":{"line":43,"column":91}},"23":{"start":{"line":44,"column":67},"end":{"line":44,"column":91}},"24":{"start":{"line":45,"column":65},"end":{"line":45,"column":87}},"25":{"start":{"line":46,"column":71},"end":{"line":46,"column":99}},"26":{"start":{"line":47,"column":69},"end":{"line":47,"column":95}},"27":{"start":{"line":63,"column":58},"end":{"line":63,"column":86}},"28":{"start":{"line":37,"column":0},"end":{"line":37,"column":16}},"29":{"start":{"line":76,"column":16},"end":{"line":78,"column":6}},"30":{"start":{"line":79,"column":4},"end":{"line":83,"column":null}},"31":{"start":{"line":80,"column":8},"end":{"line":82,"column":11}},"32":{"start":{"line":84,"column":4},"end":{"line":84,"column":17}},"33":{"start":{"line":75,"column":0},"end":{"line":75,"column":16}},"34":{"start":{"line":88,"column":21},"end":{"line":88,"column":23}},"35":{"start":{"line":90,"column":4},"end":{"line":104,"column":null}},"36":{"start":{"line":91,"column":8},"end":{"line":91,"column":38}},"37":{"start":{"line":92,"column":11},"end":{"line":104,"column":null}},"38":{"start":{"line":93,"column":8},"end":{"line":93,"column":41}},"39":{"start":{"line":94,"column":11},"end":{"line":104,"column":null}},"40":{"start":{"line":95,"column":8},"end":{"line":95,"column":41}},"41":{"start":{"line":96,"column":11},"end":{"line":104,"column":null}},"42":{"start":{"line":97,"column":8},"end":{"line":97,"column":39}},"43":{"start":{"line":98,"column":11},"end":{"line":104,"column":null}},"44":{"start":{"line":99,"column":8},"end":{"line":99,"column":45}},"45":{"start":{"line":100,"column":11},"end":{"line":104,"column":null}},"46":{"start":{"line":101,"column":8},"end":{"line":101,"column":43}},"47":{"start":{"line":102,"column":11},"end":{"line":104,"column":null}},"48":{"start":{"line":103,"column":8},"end":{"line":103,"column":39}},"49":{"start":{"line":106,"column":4},"end":{"line":116,"column":null}},"50":{"start":{"line":107,"column":8},"end":{"line":107,"column":35}},"51":{"start":{"line":108,"column":11},"end":{"line":116,"column":null}},"52":{"start":{"line":109,"column":8},"end":{"line":109,"column":35}},"53":{"start":{"line":110,"column":11},"end":{"line":116,"column":null}},"54":{"start":{"line":111,"column":8},"end":{"line":111,"column":35}},"55":{"start":{"line":112,"column":11},"end":{"line":116,"column":null}},"56":{"start":{"line":113,"column":8},"end":{"line":113,"column":35}},"57":{"start":{"line":114,"column":11},"end":{"line":116,"column":null}},"58":{"start":{"line":115,"column":8},"end":{"line":115,"column":35}},"59":{"start":{"line":118,"column":4},"end":{"line":124,"column":null}},"60":{"start":{"line":119,"column":8},"end":{"line":119,"column":46}},"61":{"start":{"line":120,"column":11},"end":{"line":124,"column":null}},"62":{"start":{"line":121,"column":8},"end":{"line":121,"column":49}},"63":{"start":{"line":123,"column":8},"end":{"line":123,"column":49}},"64":{"start":{"line":126,"column":4},"end":{"line":128,"column":null}},"65":{"start":{"line":127,"column":8},"end":{"line":127,"column":37}},"66":{"start":{"line":130,"column":4},"end":{"line":132,"column":null}},"67":{"start":{"line":131,"column":8},"end":{"line":131,"column":41}},"68":{"start":{"line":134,"column":4},"end":{"line":134,"column":32}}},"fnMap":{"0":{"name":"(anonymous_1)","decl":{"start":{"line":5,"column":0},"end":{"line":5,"column":12}},"loc":{"start":{"line":5,"column":21},"end":{"line":13,"column":1}}},"1":{"name":"(anonymous_2)","decl":{"start":{"line":15,"column":0},"end":{"line":15,"column":12}},"loc":{"start":{"line":15,"column":21},"end":{"line":21,"column":1}}},"2":{"name":"(anonymous_3)","decl":{"start":{"line":23,"column":0},"end":{"line":23,"column":12}},"loc":{"start":{"line":23,"column":26},"end":{"line":27,"column":1}}},"3":{"name":"createStyledIcon","decl":{"start":{"line":37,"column":16},"end":{"line":37,"column":32}},"loc":{"start":{"line":37,"column":57},"end":{"line":68,"column":1}}},"4":{"name":"(anonymous_5)","decl":{"start":{"line":39,"column":17},"end":{"line":39,"column":18}},"loc":{"start":{"line":39,"column":50},"end":{"line":39,"column":71}}},"5":{"name":"(anonymous_6)","decl":{"start":{"line":42,"column":31},"end":{"line":42,"column":32}},"loc":{"start":{"line":42,"column":64},"end":{"line":42,"column":85}}},"6":{"name":"(anonymous_7)","decl":{"start":{"line":43,"column":34},"end":{"line":43,"column":35}},"loc":{"start":{"line":43,"column":67},"end":{"line":43,"column":91}}},"7":{"name":"(anonymous_8)","decl":{"start":{"line":44,"column":34},"end":{"line":44,"column":35}},"loc":{"start":{"line":44,"column":67},"end":{"line":44,"column":91}}},"8":{"name":"(anonymous_9)","decl":{"start":{"line":45,"column":32},"end":{"line":45,"column":33}},"loc":{"start":{"line":45,"column":65},"end":{"line":45,"column":87}}},"9":{"name":"(anonymous_10)","decl":{"start":{"line":46,"column":38},"end":{"line":46,"column":39}},"loc":{"start":{"line":46,"column":71},"end":{"line":46,"column":99}}},"10":{"name":"(anonymous_11)","decl":{"start":{"line":47,"column":36},"end":{"line":47,"column":37}},"loc":{"start":{"line":47,"column":69},"end":{"line":47,"column":95}}},"11":{"name":"(anonymous_12)","decl":{"start":{"line":63,"column":25},"end":{"line":63,"column":26}},"loc":{"start":{"line":63,"column":58},"end":{"line":63,"column":86}}},"12":{"name":"createBaseIconProps","decl":{"start":{"line":75,"column":16},"end":{"line":75,"column":35}},"loc":{"start":{"line":75,"column":64},"end":{"line":85,"column":1}}},"13":{"name":"createBaseClassNames","decl":{"start":{"line":87,"column":9},"end":{"line":87,"column":29}},"loc":{"start":{"line":87,"column":52},"end":{"line":135,"column":1}}}},"branchMap":{"0":{"loc":{"start":{"line":5,"column":12},"end":{"line":5,"column":21}},"type":"binary-expr","locations":[{"start":{"line":5,"column":12},"end":{"line":5,"column":21}},{"start":{"line":5,"column":12},"end":{"line":5,"column":null}}]},"1":{"loc":{"start":{"line":15,"column":12},"end":{"line":15,"column":21}},"type":"binary-expr","locations":[{"start":{"line":15,"column":12},"end":{"line":15,"column":21}},{"start":{"line":15,"column":12},"end":{"line":15,"column":null}}]},"2":{"loc":{"start":{"line":23,"column":12},"end":{"line":23,"column":26}},"type":"binary-expr","locations":[{"start":{"line":23,"column":12},"end":{"line":23,"column":26}},{"start":{"line":23,"column":12},"end":{"line":23,"column":null}}]},"3":{"loc":{"start":{"line":79,"column":4},"end":{"line":83,"column":null}},"type":"if","locations":[{"start":{"line":79,"column":4},"end":{"line":83,"column":null}},{"start":{"line":79,"column":4},"end":{"line":83,"column":null}}]},"4":{"loc":{"start":{"line":90,"column":4},"end":{"line":104,"column":null}},"type":"if","locations":[{"start":{"line":90,"column":4},"end":{"line":104,"column":null}},{"start":{"line":90,"column":4},"end":{"line":104,"column":null}}]},"5":{"loc":{"start":{"line":92,"column":11},"end":{"line":104,"column":null}},"type":"if","locations":[{"start":{"line":92,"column":11},"end":{"line":104,"column":null}},{"start":{"line":92,"column":11},"end":{"line":104,"column":null}}]},"6":{"loc":{"start":{"line":94,"column":11},"end":{"line":104,"column":null}},"type":"if","locations":[{"start":{"line":94,"column":11},"end":{"line":104,"column":null}},{"start":{"line":94,"column":11},"end":{"line":104,"column":null}}]},"7":{"loc":{"start":{"line":96,"column":11},"end":{"line":104,"column":null}},"type":"if","locations":[{"start":{"line":96,"column":11},"end":{"line":104,"column":null}},{"start":{"line":96,"column":11},"end":{"line":104,"column":null}}]},"8":{"loc":{"start":{"line":98,"column":11},"end":{"line":104,"column":null}},"type":"if","locations":[{"start":{"line":98,"column":11},"end":{"line":104,"column":null}},{"start":{"line":98,"column":11},"end":{"line":104,"column":null}}]},"9":{"loc":{"start":{"line":100,"column":11},"end":{"line":104,"column":null}},"type":"if","locations":[{"start":{"line":100,"column":11},"end":{"line":104,"column":null}},{"start":{"line":100,"column":11},"end":{"line":104,"column":null}}]},"10":{"loc":{"start":{"line":102,"column":11},"end":{"line":104,"column":null}},"type":"if","locations":[{"start":{"line":102,"column":11},"end":{"line":104,"column":null}},{"start":{"line":102,"column":11},"end":{"line":104,"column":null}}]},"11":{"loc":{"start":{"line":106,"column":4},"end":{"line":116,"column":null}},"type":"if","locations":[{"start":{"line":106,"column":4},"end":{"line":116,"column":null}},{"start":{"line":106,"column":4},"end":{"line":116,"column":null}}]},"12":{"loc":{"start":{"line":108,"column":11},"end":{"line":116,"column":null}},"type":"if","locations":[{"start":{"line":108,"column":11},"end":{"line":116,"column":null}},{"start":{"line":108,"column":11},"end":{"line":116,"column":null}}]},"13":{"loc":{"start":{"line":110,"column":11},"end":{"line":116,"column":null}},"type":"if","locations":[{"start":{"line":110,"column":11},"end":{"line":116,"column":null}},{"start":{"line":110,"column":11},"end":{"line":116,"column":null}}]},"14":{"loc":{"start":{"line":112,"column":11},"end":{"line":116,"column":null}},"type":"if","locations":[{"start":{"line":112,"column":11},"end":{"line":116,"column":null}},{"start":{"line":112,"column":11},"end":{"line":116,"column":null}}]},"15":{"loc":{"start":{"line":114,"column":11},"end":{"line":116,"column":null}},"type":"if","locations":[{"start":{"line":114,"column":11},"end":{"line":116,"column":null}},{"start":{"line":114,"column":11},"end":{"line":116,"column":null}}]},"16":{"loc":{"start":{"line":118,"column":4},"end":{"line":124,"column":null}},"type":"if","locations":[{"start":{"line":118,"column":4},"end":{"line":124,"column":null}},{"start":{"line":118,"column":4},"end":{"line":124,"column":null}}]},"17":{"loc":{"start":{"line":120,"column":11},"end":{"line":124,"column":null}},"type":"if","locations":[{"start":{"line":120,"column":11},"end":{"line":124,"column":null}},{"start":{"line":120,"column":11},"end":{"line":124,"column":null}}]},"18":{"loc":{"start":{"line":126,"column":4},"end":{"line":128,"column":null}},"type":"if","locations":[{"start":{"line":126,"column":4},"end":{"line":128,"column":null}},{"start":{"line":126,"column":4},"end":{"line":128,"column":null}}]},"19":{"loc":{"start":{"line":130,"column":4},"end":{"line":132,"column":null}},"type":"if","locations":[{"start":{"line":130,"column":4},"end":{"line":132,"column":null}},{"start":{"line":130,"column":4},"end":{"line":132,"column":null}}]}},"s":{"0":1,"1":1,"2":1,"3":1,"4":1,"5":1,"6":1,"7":1,"8":1,"9":1,"10":1,"11":1,"12":1,"13":1,"14":1,"15":1,"16":1,"17":1,"18":1,"19":1,"20":0,"21":0,"22":0,"23":0,"24":0,"25":0,"26":0,"27":0,"28":1,"29":0,"30":0,"31":0,"32":0,"33":1,"34":0,"35":0,"36":0,"37":0,"38":0,"39":0,"40":0,"41":0,"42":0,"43":0,"44":0,"45":0,"46":0,"47":0,"48":0,"49":0,"50":0,"51":0,"52":0,"53":0,"54":0,"55":0,"56":0,"57":0,"58":0,"59":0,"60":0,"61":0,"62":0,"63":0,"64":0,"65":0,"66":0,"67":0,"68":0},"f":{"0":1,"1":1,"2":1,"3":1,"4":0,"5":0,"6":0,"7":0,"8":0,"9":0,"10":0,"11":0,"12":0,"13":0},"b":{"0":[1,1],"1":[1,1],"2":[1,1],"3":[0,0],"4":[0,0],"5":[0,0],"6":[0,0],"7":[0,0],"8":[0,0],"9":[0,0],"10":[0,0],"11":[0,0],"12":[0,0],"13":[0,0],"14":[0,0],"15":[0,0],"16":[0,0],"17":[0,0],"18":[0,0],"19":[0,0]}}
,"O:\\NODEJS_PROJECTS\\boilerplateFrontendReactRedux\\src\\Common\\UI\\Toaster\\Message.tsx": {"path":"O:\\NODEJS_PROJECTS\\boilerplateFrontendReactRedux\\src\\Common\\UI\\Toaster\\Message.tsx","statementMap":{"0":{"start":{"line":1,"column":0},"end":{"line":1,"column":39}},"1":{"start":{"line":2,"column":0},"end":{"line":2,"column":51}},"2":{"start":{"line":3,"column":0},"end":{"line":3,"column":57}},"3":{"start":{"line":4,"column":0},"end":{"line":4,"column":42}},"4":{"start":{"line":6,"column":0},"end":{"line":6,"column":39}},"5":{"start":{"line":9,"column":22},"end":{"line":16,"column":2}},"6":{"start":{"line":13,"column":64},"end":{"line":13,"column":98}},"7":{"start":{"line":18,"column":29},"end":{"line":22,"column":2}},"8":{"start":{"line":24,"column":24},"end":{"line":29,"column":2}},"9":{"start":{"line":42,"column":8},"end":{"line":42,"column":63}},"10":{"start":{"line":43,"column":8},"end":{"line":43,"column":95}},"11":{"start":{"line":44,"column":8},"end":{"line":44,"column":110}},"12":{"start":{"line":45,"column":8},"end":{"line":45,"column":60}},"13":{"start":{"line":46,"column":8},"end":{"line":46,"column":35}},"14":{"start":{"line":50,"column":8},"end":{"line":50,"column":96}},"15":{"start":{"line":51,"column":8},"end":{"line":51,"column":96}},"16":{"start":{"line":52,"column":8},"end":{"line":52,"column":75}},"17":{"start":{"line":53,"column":8},"end":{"line":53,"column":66}},"18":{"start":{"line":54,"column":8},"end":{"line":56,"column":null}},"19":{"start":{"line":55,"column":12},"end":{"line":55,"column":40}},"20":{"start":{"line":57,"column":8},"end":{"line":57,"column":35}},"21":{"start":{"line":61,"column":8},"end":{"line":63,"column":null}},"22":{"start":{"line":62,"column":12},"end":{"line":62,"column":38}},"23":{"start":{"line":67,"column":8},"end":{"line":72,"column":null}},"24":{"start":{"line":71,"column":12},"end":{"line":71,"column":38}},"25":{"start":{"line":76,"column":8},"end":{"line":78,"column":null}},"26":{"start":{"line":77,"column":12},"end":{"line":77,"column":24}},"27":{"start":{"line":79,"column":8},"end":{"line":85,"column":10}},"28":{"start":{"line":81,"column":31},"end":{"line":81,"column":52}},"29":{"start":{"line":89,"column":8},"end":{"line":96,"column":10}},"30":{"start":{"line":90,"column":61},"end":{"line":90,"column":83}},"31":{"start":{"line":36,"column":0},"end":{"line":36,"column":13}}},"fnMap":{"0":{"name":"(anonymous_2)","decl":{"start":{"line":13,"column":31},"end":{"line":13,"column":32}},"loc":{"start":{"line":13,"column":64},"end":{"line":13,"column":98}}},"1":{"name":"(anonymous_3)","decl":{"start":{"line":41,"column":4},"end":{"line":41,"column":22}},"loc":{"start":{"line":41,"column":22},"end":{"line":47,"column":5}}},"2":{"name":"(anonymous_4)","decl":{"start":{"line":49,"column":4},"end":{"line":49,"column":22}},"loc":{"start":{"line":49,"column":22},"end":{"line":58,"column":5}}},"3":{"name":"(anonymous_5)","decl":{"start":{"line":60,"column":4},"end":{"line":60,"column":21}},"loc":{"start":{"line":60,"column":21},"end":{"line":64,"column":5}}},"4":{"name":"(anonymous_6)","decl":{"start":{"line":66,"column":4},"end":{"line":66,"column":22}},"loc":{"start":{"line":66,"column":46},"end":{"line":73,"column":5}}},"5":{"name":"(anonymous_7)","decl":{"start":{"line":75,"column":4},"end":{"line":75,"column":19}},"loc":{"start":{"line":75,"column":19},"end":{"line":86,"column":5}}},"6":{"name":"(anonymous_8)","decl":{"start":{"line":81,"column":25},"end":{"line":81,"column":28}},"loc":{"start":{"line":81,"column":31},"end":{"line":81,"column":52}}},"7":{"name":"(anonymous_9)","decl":{"start":{"line":88,"column":4},"end":{"line":88,"column":10}},"loc":{"start":{"line":88,"column":10},"end":{"line":97,"column":5}}},"8":{"name":"(anonymous_10)","decl":{"start":{"line":90,"column":32},"end":{"line":90,"column":33}},"loc":{"start":{"line":90,"column":61},"end":{"line":90,"column":83}}}},"branchMap":{"0":{"loc":{"start":{"line":54,"column":8},"end":{"line":56,"column":null}},"type":"if","locations":[{"start":{"line":54,"column":8},"end":{"line":56,"column":null}},{"start":{"line":54,"column":8},"end":{"line":56,"column":null}}]},"1":{"loc":{"start":{"line":61,"column":8},"end":{"line":63,"column":null}},"type":"if","locations":[{"start":{"line":61,"column":8},"end":{"line":63,"column":null}},{"start":{"line":61,"column":8},"end":{"line":63,"column":null}}]},"2":{"loc":{"start":{"line":67,"column":8},"end":{"line":72,"column":null}},"type":"if","locations":[{"start":{"line":67,"column":8},"end":{"line":72,"column":null}},{"start":{"line":67,"column":8},"end":{"line":72,"column":null}}]},"3":{"loc":{"start":{"line":68,"column":12},"end":{"line":68,"column":54}},"type":"binary-expr","locations":[{"start":{"line":68,"column":12},"end":{"line":68,"column":54}},{"start":{"line":69,"column":15},"end":{"line":69,"column":103}}]},"4":{"loc":{"start":{"line":76,"column":8},"end":{"line":78,"column":null}},"type":"if","locations":[{"start":{"line":76,"column":8},"end":{"line":78,"column":null}},{"start":{"line":76,"column":8},"end":{"line":78,"column":null}}]}},"s":{"0":1,"1":1,"2":1,"3":1,"4":1,"5":1,"6":0,"7":1,"8":1,"9":0,"10":0,"11":0,"12":0,"13":0,"14":0,"15":0,"16":0,"17":0,"18":0,"19":0,"20":0,"21":0,"22":0,"23":0,"24":0,"25":0,"26":0,"27":0,"28":0,"29":0,"30":0,"31":1},"f":{"0":0,"1":0,"2":0,"3":0,"4":0,"5":0,"6":0,"7":0,"8":0},"b":{"0":[0,0],"1":[0,0],"2":[0,0],"3":[0,0],"4":[0,0]}}
,"O:\\NODEJS_PROJECTS\\boilerplateFrontendReactRedux\\src\\Common\\UI\\Toaster\\Toast.tsx": {"path":"O:\\NODEJS_PROJECTS\\boilerplateFrontendReactRedux\\src\\Common\\UI\\Toaster\\Toast.tsx","statementMap":{"0":{"start":{"line":1,"column":0},"end":{"line":1,"column":39}},"1":{"start":{"line":2,"column":0},"end":{"line":2,"column":50}},"2":{"start":{"line":3,"column":0},"end":{"line":3,"column":45}},"3":{"start":{"line":4,"column":0},"end":{"line":4,"column":99}},"4":{"start":{"line":5,"column":0},"end":{"line":5,"column":39}},"5":{"start":{"line":7,"column":0},"end":{"line":7,"column":65}},"6":{"start":{"line":9,"column":20},"end":{"line":20,"column":2}},"7":{"start":{"line":13,"column":61},"end":{"line":13,"column":85}},"8":{"start":{"line":16,"column":62},"end":{"line":16,"column":83}},"9":{"start":{"line":17,"column":65},"end":{"line":17,"column":89}},"10":{"start":{"line":18,"column":65},"end":{"line":18,"column":89}},"11":{"start":{"line":19,"column":63},"end":{"line":19,"column":85}},"12":{"start":{"line":34,"column":8},"end":{"line":34,"column":63}},"13":{"start":{"line":35,"column":8},"end":{"line":35,"column":46}},"14":{"start":{"line":36,"column":8},"end":{"line":36,"column":116}},"15":{"start":{"line":37,"column":8},"end":{"line":37,"column":157}},"16":{"start":{"line":38,"column":8},"end":{"line":38,"column":35}},"17":{"start":{"line":42,"column":8},"end":{"line":42,"column":63}},"18":{"start":{"line":43,"column":8},"end":{"line":43,"column":121}},"19":{"start":{"line":44,"column":8},"end":{"line":44,"column":86}},"20":{"start":{"line":45,"column":8},"end":{"line":47,"column":null}},"21":{"start":{"line":46,"column":12},"end":{"line":46,"column":40}},"22":{"start":{"line":48,"column":8},"end":{"line":48,"column":35}},"23":{"start":{"line":52,"column":8},"end":{"line":54,"column":null}},"24":{"start":{"line":53,"column":12},"end":{"line":53,"column":38}},"25":{"start":{"line":58,"column":8},"end":{"line":63,"column":null}},"26":{"start":{"line":62,"column":12},"end":{"line":62,"column":38}},"27":{"start":{"line":67,"column":8},"end":{"line":69,"column":null}},"28":{"start":{"line":68,"column":12},"end":{"line":68,"column":29}},"29":{"start":{"line":70,"column":8},"end":{"line":72,"column":null}},"30":{"start":{"line":71,"column":12},"end":{"line":71,"column":29}},"31":{"start":{"line":73,"column":8},"end":{"line":75,"column":null}},"32":{"start":{"line":74,"column":12},"end":{"line":74,"column":27}},"33":{"start":{"line":76,"column":8},"end":{"line":76,"column":22}},"34":{"start":{"line":80,"column":8},"end":{"line":95,"column":10}},"35":{"start":{"line":81,"column":51},"end":{"line":81,"column":85}},"36":{"start":{"line":83,"column":54},"end":{"line":83,"column":81}},"37":{"start":{"line":87,"column":24},"end":{"line":90,"column":null}},"38":{"start":{"line":90,"column":44},"end":{"line":90,"column":82}},"39":{"start":{"line":27,"column":0},"end":{"line":27,"column":13}}},"fnMap":{"0":{"name":"(anonymous_2)","decl":{"start":{"line":13,"column":28},"end":{"line":13,"column":29}},"loc":{"start":{"line":13,"column":61},"end":{"line":13,"column":85}}},"1":{"name":"(anonymous_3)","decl":{"start":{"line":16,"column":29},"end":{"line":16,"column":30}},"loc":{"start":{"line":16,"column":62},"end":{"line":16,"column":83}}},"2":{"name":"(anonymous_4)","decl":{"start":{"line":17,"column":32},"end":{"line":17,"column":33}},"loc":{"start":{"line":17,"column":65},"end":{"line":17,"column":89}}},"3":{"name":"(anonymous_5)","decl":{"start":{"line":18,"column":32},"end":{"line":18,"column":33}},"loc":{"start":{"line":18,"column":65},"end":{"line":18,"column":89}}},"4":{"name":"(anonymous_6)","decl":{"start":{"line":19,"column":30},"end":{"line":19,"column":31}},"loc":{"start":{"line":19,"column":63},"end":{"line":19,"column":85}}},"5":{"name":"(anonymous_7)","decl":{"start":{"line":33,"column":4},"end":{"line":33,"column":22}},"loc":{"start":{"line":33,"column":22},"end":{"line":39,"column":5}}},"6":{"name":"(anonymous_8)","decl":{"start":{"line":41,"column":4},"end":{"line":41,"column":22}},"loc":{"start":{"line":41,"column":22},"end":{"line":49,"column":5}}},"7":{"name":"(anonymous_9)","decl":{"start":{"line":51,"column":4},"end":{"line":51,"column":21}},"loc":{"start":{"line":51,"column":21},"end":{"line":55,"column":5}}},"8":{"name":"(anonymous_10)","decl":{"start":{"line":57,"column":4},"end":{"line":57,"column":22}},"loc":{"start":{"line":57,"column":44},"end":{"line":64,"column":5}}},"9":{"name":"(anonymous_11)","decl":{"start":{"line":66,"column":4},"end":{"line":66,"column":28}},"loc":{"start":{"line":66,"column":28},"end":{"line":77,"column":5}}},"10":{"name":"(anonymous_12)","decl":{"start":{"line":79,"column":4},"end":{"line":79,"column":10}},"loc":{"start":{"line":79,"column":10},"end":{"line":96,"column":5}}},"11":{"name":"(anonymous_13)","decl":{"start":{"line":81,"column":22},"end":{"line":81,"column":23}},"loc":{"start":{"line":81,"column":51},"end":{"line":81,"column":85}}},"12":{"name":"(anonymous_14)","decl":{"start":{"line":83,"column":25},"end":{"line":83,"column":26}},"loc":{"start":{"line":83,"column":54},"end":{"line":83,"column":81}}},"13":{"name":"(anonymous_15)","decl":{"start":{"line":86,"column":51},"end":{"line":86,"column":52}},"loc":{"start":{"line":87,"column":24},"end":{"line":90,"column":null}}},"14":{"name":"(anonymous_16)","decl":{"start":{"line":90,"column":38},"end":{"line":90,"column":41}},"loc":{"start":{"line":90,"column":44},"end":{"line":90,"column":82}}}},"branchMap":{"0":{"loc":{"start":{"line":45,"column":8},"end":{"line":47,"column":null}},"type":"if","locations":[{"start":{"line":45,"column":8},"end":{"line":47,"column":null}},{"start":{"line":45,"column":8},"end":{"line":47,"column":null}}]},"1":{"loc":{"start":{"line":52,"column":8},"end":{"line":54,"column":null}},"type":"if","locations":[{"start":{"line":52,"column":8},"end":{"line":54,"column":null}},{"start":{"line":52,"column":8},"end":{"line":54,"column":null}}]},"2":{"loc":{"start":{"line":58,"column":8},"end":{"line":63,"column":null}},"type":"if","locations":[{"start":{"line":58,"column":8},"end":{"line":63,"column":null}},{"start":{"line":58,"column":8},"end":{"line":63,"column":null}}]},"3":{"loc":{"start":{"line":59,"column":12},"end":{"line":59,"column":52}},"type":"binary-expr","locations":[{"start":{"line":59,"column":12},"end":{"line":59,"column":52}},{"start":{"line":60,"column":15},"end":{"line":60,"column":99}}]},"4":{"loc":{"start":{"line":67,"column":8},"end":{"line":69,"column":null}},"type":"if","locations":[{"start":{"line":67,"column":8},"end":{"line":69,"column":null}},{"start":{"line":67,"column":8},"end":{"line":69,"column":null}}]},"5":{"loc":{"start":{"line":70,"column":8},"end":{"line":72,"column":null}},"type":"if","locations":[{"start":{"line":70,"column":8},"end":{"line":72,"column":null}},{"start":{"line":70,"column":8},"end":{"line":72,"column":null}}]},"6":{"loc":{"start":{"line":73,"column":8},"end":{"line":75,"column":null}},"type":"if","locations":[{"start":{"line":73,"column":8},"end":{"line":75,"column":null}},{"start":{"line":73,"column":8},"end":{"line":75,"column":null}}]}},"s":{"0":1,"1":1,"2":1,"3":1,"4":1,"5":1,"6":1,"7":0,"8":0,"9":0,"10":0,"11":0,"12":0,"13":0,"14":0,"15":0,"16":0,"17":0,"18":0,"19":0,"20":0,"21":0,"22":0,"23":0,"24":0,"25":0,"26":0,"27":0,"28":0,"29":0,"30":0,"31":0,"32":0,"33":0,"34":0,"35":0,"36":0,"37":0,"38":0,"39":1},"f":{"0":0,"1":0,"2":0,"3":0,"4":0,"5":0,"6":0,"7":0,"8":0,"9":0,"10":0,"11":0,"12":0,"13":0,"14":0},"b":{"0":[0,0],"1":[0,0],"2":[0,0],"3":[0,0],"4":[0,0],"5":[0,0],"6":[0,0]}}
,"O:\\NODEJS_PROJECTS\\boilerplateFrontendReactRedux\\src\\Common\\UI\\Toaster\\Toaster.tsx": {"path":"O:\\NODEJS_PROJECTS\\boilerplateFrontendReactRedux\\src\\Common\\UI\\Toaster\\Toaster.tsx","statementMap":{"0":{"start":{"line":1,"column":0},"end":{"line":1,"column":47}},"1":{"start":{"line":2,"column":0},"end":{"line":2,"column":30}},"2":{"start":{"line":4,"column":0},"end":{"line":4,"column":39}},"3":{"start":{"line":6,"column":30},"end":{"line":11,"column":2}},"4":{"start":{"line":23,"column":13},"end":{"line":35,"column":2}},"5":{"start":{"line":24,"column":4},"end":{"line":34,"column":6}},"6":{"start":{"line":27,"column":16},"end":{"line":30,"column":null}},"7":{"start":{"line":30,"column":60},"end":{"line":30,"column":92}}},"fnMap":{"0":{"name":"(anonymous_1)","decl":{"start":{"line":23,"column":56},"end":{"line":23,"column":57}},"loc":{"start":{"line":23,"column":66},"end":{"line":35,"column":1}}},"1":{"name":"(anonymous_2)","decl":{"start":{"line":26,"column":30},"end":{"line":26,"column":31}},"loc":{"start":{"line":27,"column":16},"end":{"line":30,"column":null}}},"2":{"name":"(anonymous_3)","decl":{"start":{"line":30,"column":37},"end":{"line":30,"column":38}},"loc":{"start":{"line":30,"column":60},"end":{"line":30,"column":92}}}},"branchMap":{},"s":{"0":1,"1":1,"2":1,"3":1,"4":1,"5":1,"6":1,"7":0},"f":{"0":1,"1":1,"2":0},"b":{}}
}
