TN:
SF:src\Common\Domain\Toaster\Types.ts
FN:11,(anonymous_0)
FN:41,(anonymous_1)
FN:72,(anonymous_2)
FNF:3
FNH:3
FNDA:2,(anonymous_0)
FNDA:2,(anonymous_1)
FNDA:2,(anonymous_2)
DA:11,2
DA:12,2
DA:13,2
DA:14,2
DA:15,2
DA:41,2
DA:42,2
DA:43,2
DA:44,2
DA:45,2
DA:46,2
DA:47,2
DA:48,2
DA:49,2
DA:50,2
DA:72,2
DA:73,2
DA:74,2
LF:18
LH:18
BRDA:11,0,0,2
BRDA:11,0,1,2
BRDA:41,1,0,2
BRDA:41,1,1,2
BRDA:72,2,0,2
BRDA:72,2,1,2
BRF:6
BRH:6
end_of_record
TN:
SF:src\Common\Domain\Toaster\Command\RemoveMessage.ts
FN:4,createRemoveMessage
FNF:1
FNH:0
FNDA:0,createRemoveMessage
DA:2,1
DA:4,1
DA:5,0
LF:3
LH:2
BRF:0
BRH:0
end_of_record
TN:
SF:src\Common\Domain\Toaster\Command\ShowMessage.ts
FN:4,createShowMessage
FNF:1
FNH:1
FNDA:2,createShowMessage
DA:2,1
DA:4,1
DA:5,2
LF:3
LH:3
BRF:0
BRH:0
end_of_record
TN:
SF:src\Common\Domain\Toaster\Event\MessageIntroAnimationsWereFinished.ts
FN:4,createMessageIntroAnimationsWereFinished
FNF:1
FNH:0
FNDA:0,createMessageIntroAnimationsWereFinished
DA:1,1
DA:4,1
DA:5,0
LF:3
LH:2
BRF:0
BRH:0
end_of_record
TN:
SF:src\Common\Domain\Toaster\Event\MessageWasAddedToPipeline.ts
FN:4,createMessageWasAddedToPipeline
FNF:1
FNH:1
FNDA:1,createMessageWasAddedToPipeline
DA:1,1
DA:4,1
DA:5,1
LF:3
LH:3
BRF:0
BRH:0
end_of_record
TN:
SF:src\Common\Domain\Toaster\Event\MessagesWereAddedToToast.ts
FN:4,createMessagesWereAddedToToast
FNF:1
FNH:0
FNDA:0,createMessagesWereAddedToToast
DA:1,1
DA:4,1
DA:5,0
LF:3
LH:2
BRF:0
BRH:0
end_of_record
TN:
SF:src\Common\Domain\Toaster\Event\Reducer.ts
FN:9,(anonymous_0)
FN:25,(anonymous_1)
FN:26,(anonymous_2)
FN:33,(anonymous_3)
FN:35,(anonymous_4)
FN:51,(anonymous_5)
FN:55,(anonymous_6)
FN:61,(anonymous_7)
FN:76,(anonymous_8)
FN:78,(anonymous_9)
FN:94,(anonymous_10)
FN:109,(anonymous_11)
FN:124,(anonymous_12)
FN:126,(anonymous_13)
FN:142,(anonymous_14)
FN:149,(anonymous_15)
FN:151,(anonymous_16)
FNF:17
FNH:5
FNDA:5,(anonymous_0)
FNDA:0,(anonymous_1)
FNDA:0,(anonymous_2)
FNDA:0,(anonymous_3)
FNDA:0,(anonymous_4)
FNDA:1,(anonymous_5)
FNDA:1,(anonymous_6)
FNDA:1,(anonymous_7)
FNDA:0,(anonymous_8)
FNDA:0,(anonymous_9)
FNDA:1,(anonymous_10)
FNDA:0,(anonymous_11)
FNDA:0,(anonymous_12)
FNDA:0,(anonymous_13)
FNDA:0,(anonymous_14)
FNDA:0,(anonymous_15)
FNDA:0,(anonymous_16)
DA:1,1
DA:4,1
DA:9,1
DA:10,5
DA:11,0
DA:14,5
DA:15,1
DA:24,4
DA:25,0
DA:26,0
DA:30,0
DA:33,0
DA:36,0
DA:37,0
DA:39,0
DA:50,4
DA:51,1
DA:52,1
DA:55,1
DA:61,1
DA:73,3
DA:74,0
DA:76,0
DA:79,0
DA:80,0
DA:85,0
DA:91,3
DA:92,1
DA:95,1
DA:96,1
DA:101,0
DA:106,2
DA:107,0
DA:110,0
DA:111,0
DA:116,0
DA:121,2
DA:122,0
DA:124,0
DA:127,0
DA:128,0
DA:133,0
DA:139,2
DA:140,0
DA:142,0
DA:146,2
DA:147,0
DA:149,0
DA:151,0
DA:156,2
LF:50
LH:22
BRDA:9,0,0,2
BRDA:10,1,0,0
BRDA:10,1,1,5
BRDA:14,2,0,1
BRDA:14,2,1,4
BRDA:24,3,0,0
BRDA:24,3,1,4
BRDA:36,4,0,0
BRDA:36,4,1,0
BRDA:50,5,0,1
BRDA:50,5,1,3
BRDA:73,6,0,0
BRDA:73,6,1,3
BRDA:79,7,0,0
BRDA:79,7,1,0
BRDA:91,8,0,1
BRDA:91,8,1,2
BRDA:95,9,0,1
BRDA:95,9,1,0
BRDA:106,10,0,0
BRDA:106,10,1,2
BRDA:110,11,0,0
BRDA:110,11,1,0
BRDA:121,12,0,0
BRDA:121,12,1,2
BRDA:127,13,0,0
BRDA:127,13,1,0
BRDA:139,14,0,0
BRDA:139,14,1,2
BRDA:146,15,0,0
BRDA:146,15,1,2
BRF:31
BRH:15
end_of_record
TN:
SF:src\Common\Domain\Toaster\Event\ToastIntroAnimationWasFinished.ts
FN:4,createToastIntroAnimationWasFinished
FNF:1
FNH:1
FNDA:1,createToastIntroAnimationWasFinished
DA:1,1
DA:4,1
DA:5,1
LF:3
LH:3
BRF:0
BRH:0
end_of_record
TN:
SF:src\Common\Domain\Toaster\Event\ToastWasAdded.ts
FN:4,createToastWasAdded
FNF:1
FNH:1
FNDA:1,createToastWasAdded
DA:1,1
DA:4,1
DA:5,1
LF:3
LH:3
BRF:0
BRH:0
end_of_record
TN:
SF:src\Common\Domain\Toaster\Query\CommonToastIdByTypeQuery.ts
FN:3,(anonymous_0)
FN:10,getCommonToastIdByType
FNF:2
FNH:2
FNDA:1,(anonymous_0)
FNDA:1,getCommonToastIdByType
DA:1,1
DA:3,1
DA:4,1
DA:5,1
DA:6,1
DA:7,1
DA:10,1
DA:11,1
DA:12,1
DA:14,0
DA:15,0
DA:17,0
DA:18,0
DA:20,0
DA:21,0
DA:23,0
LF:16
LH:9
BRDA:3,0,0,1
BRDA:3,0,1,1
BRDA:11,1,0,1
BRDA:11,1,1,0
BRDA:14,2,0,0
BRDA:14,2,1,0
BRDA:17,3,0,0
BRDA:17,3,1,0
BRDA:20,4,0,0
BRDA:20,4,1,0
BRF:10
BRH:3
end_of_record
TN:
SF:src\Common\Domain\Toaster\Query\MessageQuery.ts
FN:3,findMessageById
FN:6,(anonymous_1)
FN:14,findMessageToAddByMessageId
FN:15,(anonymous_3)
FN:22,getNonRemovingMessagesInToast
FN:23,(anonymous_5)
FN:27,(anonymous_6)
FNF:7
FNH:1
FNDA:0,findMessageById
FNDA:0,(anonymous_1)
FNDA:2,findMessageToAddByMessageId
FNDA:0,(anonymous_3)
FNDA:0,getNonRemovingMessagesInToast
FNDA:0,(anonymous_5)
FNDA:0,(anonymous_6)
DA:3,1
DA:4,0
DA:5,0
DA:6,0
DA:7,0
DA:8,0
DA:11,0
DA:14,1
DA:15,2
DA:16,2
DA:17,0
DA:19,2
DA:22,1
DA:23,0
DA:24,0
DA:25,0
DA:27,0
LF:17
LH:6
BRDA:7,0,0,0
BRDA:7,0,1,0
BRDA:16,1,0,0
BRDA:16,1,1,2
BRDA:24,2,0,0
BRDA:24,2,1,0
BRF:6
BRH:1
end_of_record
TN:
SF:src\Common\Domain\Toaster\Query\ToastQuery.ts
FN:3,getAllToasts
FN:7,findToastById
FN:8,(anonymous_2)
FN:15,findToastByMessageId
FN:18,(anonymous_4)
FNF:5
FNH:2
FNDA:0,getAllToasts
FNDA:1,findToastById
FNDA:0,(anonymous_2)
FNDA:2,findToastByMessageId
FNDA:0,(anonymous_4)
DA:3,1
DA:4,0
DA:7,1
DA:8,1
DA:9,1
DA:10,0
DA:12,1
DA:15,1
DA:16,2
DA:17,0
DA:18,0
DA:19,0
DA:20,0
DA:23,2
LF:14
LH:8
BRDA:9,0,0,0
BRDA:9,0,1,1
BRDA:19,1,0,0
BRDA:19,1,1,0
BRF:4
BRH:1
end_of_record
TN:
SF:src\Common\Domain\Toaster\Saga\Callables\MoveMessagesFromPipelineToToastsHandling.ts
FN:12,getToastsToMerge
FN:14,(anonymous_2)
FN:18,(anonymous_3)
FN:38,startAutomaticMessageCloseTimer
FN:46,startAutomaticMessageCloseTimers
FN:53,handleMoveMessagesFromPipelineToToast
FN:64,(anonymous_7)
FN:68,moveMessagesFromPipelineToToastsHandling
FNF:8
FNH:6
FNDA:1,getToastsToMerge
FNDA:1,(anonymous_2)
FNDA:0,(anonymous_3)
FNDA:1,startAutomaticMessageCloseTimer
FNDA:1,startAutomaticMessageCloseTimers
FNDA:1,handleMoveMessagesFromPipelineToToast
FNDA:0,(anonymous_7)
FNDA:1,moveMessagesFromPipelineToToastsHandling
DA:2,1
DA:3,1
DA:4,1
DA:5,1
DA:6,1
DA:7,1
DA:8,1
DA:9,1
DA:10,1
DA:13,1
DA:14,1
DA:15,1
DA:18,1
DA:19,1
DA:20,0
DA:21,0
DA:27,0
DA:29,1
DA:35,1
DA:39,1
DA:40,1
DA:42,0
DA:43,0
DA:47,1
DA:48,1
DA:49,1
DA:54,1
DA:55,1
DA:56,1
DA:57,1
DA:58,1
DA:59,1
DA:60,1
DA:62,0
DA:63,0
DA:64,0
DA:65,0
DA:68,1
DA:70,1
DA:71,1
DA:72,1
DA:73,1
DA:74,1
DA:75,1
DA:77,1
DA:78,0
DA:79,0
LF:47
LH:36
BRDA:16,0,0,0
BRDA:16,0,1,1
BRDA:19,1,0,0
BRDA:19,1,1,1
BRDA:39,2,0,1
BRDA:39,2,1,0
BRDA:55,3,0,1
BRDA:55,3,1,0
BRDA:77,4,0,0
BRDA:77,4,1,1
BRF:10
BRH:5
end_of_record
TN:
SF:src\Common\Domain\Toaster\Saga\Callables\ShowMessageHandling.ts
FN:10,createAutomaticCloseDelayInMs
FN:20,createCanBeClosedManually
FN:27,handleShowMessage
FNF:3
FNH:3
FNDA:1,createAutomaticCloseDelayInMs
FNDA:1,createCanBeClosedManually
FNDA:2,handleShowMessage
DA:2,1
DA:3,1
DA:4,1
DA:5,1
DA:6,1
DA:7,1
DA:8,1
DA:11,1
DA:12,0
DA:14,1
DA:15,0
DA:17,1
DA:21,1
DA:22,0
DA:24,1
DA:27,1
DA:29,2
DA:30,2
DA:31,0
DA:33,2
DA:34,0
DA:36,2
DA:37,1
DA:39,1
DA:49,1
DA:50,1
DA:51,1
LF:27
LH:22
BRDA:11,0,0,0
BRDA:11,0,1,1
BRDA:14,1,0,0
BRDA:14,1,1,1
BRDA:21,2,0,0
BRDA:21,2,1,1
BRDA:30,3,0,0
BRDA:30,3,1,2
BRDA:30,4,0,2
BRDA:30,4,1,2
BRDA:33,5,0,0
BRDA:33,5,1,2
BRDA:33,6,0,2
BRDA:33,6,1,2
BRDA:36,7,0,1
BRDA:36,7,1,1
BRDA:40,8,0,1
BRDA:40,8,1,0
BRDA:43,9,0,1
BRDA:43,9,1,0
BRF:20
BRH:13
end_of_record
TN:
SF:src\Common\UI\Design\StyleFactory.ts
FN:1,createBoxShadowCss
FNF:1
FNH:1
FNDA:1,createBoxShadowCss
DA:1,1
DA:2,1
LF:2
LH:2
BRF:0
BRH:0
end_of_record
TN:
SF:src\Common\UI\Icon\CloseIcon.tsx
FN:8,(anonymous_1)
FNF:1
FNH:0
FNDA:0,(anonymous_1)
DA:1,1
DA:2,1
DA:3,1
DA:6,1
DA:8,1
DA:9,0
DA:10,0
LF:7
LH:5
BRF:0
BRH:0
end_of_record
TN:
SF:src\Common\UI\Icon\Icon.ts
FN:5,(anonymous_1)
FN:15,(anonymous_2)
FN:23,(anonymous_3)
FN:37,createStyledIcon
FN:39,(anonymous_5)
FN:42,(anonymous_6)
FN:43,(anonymous_7)
FN:44,(anonymous_8)
FN:45,(anonymous_9)
FN:46,(anonymous_10)
FN:47,(anonymous_11)
FN:63,(anonymous_12)
FN:75,createBaseIconProps
FN:87,createBaseClassNames
FNF:14
FNH:4
FNDA:1,(anonymous_1)
FNDA:1,(anonymous_2)
FNDA:1,(anonymous_3)
FNDA:1,createStyledIcon
FNDA:0,(anonymous_5)
FNDA:0,(anonymous_6)
FNDA:0,(anonymous_7)
FNDA:0,(anonymous_8)
FNDA:0,(anonymous_9)
FNDA:0,(anonymous_10)
FNDA:0,(anonymous_11)
FNDA:0,(anonymous_12)
FNDA:0,createBaseIconProps
FNDA:0,createBaseClassNames
DA:2,1
DA:5,1
DA:6,1
DA:7,1
DA:8,1
DA:9,1
DA:10,1
DA:11,1
DA:12,1
DA:15,1
DA:16,1
DA:17,1
DA:18,1
DA:19,1
DA:20,1
DA:23,1
DA:24,1
DA:25,1
DA:26,1
DA:37,1
DA:38,1
DA:39,0
DA:42,0
DA:43,0
DA:44,0
DA:45,0
DA:46,0
DA:47,0
DA:63,0
DA:75,1
DA:76,0
DA:79,0
DA:80,0
DA:84,0
DA:88,0
DA:90,0
DA:91,0
DA:92,0
DA:93,0
DA:94,0
DA:95,0
DA:96,0
DA:97,0
DA:98,0
DA:99,0
DA:100,0
DA:101,0
DA:102,0
DA:103,0
DA:106,0
DA:107,0
DA:108,0
DA:109,0
DA:110,0
DA:111,0
DA:112,0
DA:113,0
DA:114,0
DA:115,0
DA:118,0
DA:119,0
DA:120,0
DA:121,0
DA:123,0
DA:126,0
DA:127,0
DA:130,0
DA:131,0
DA:134,0
LF:69
LH:22
BRDA:5,0,0,1
BRDA:5,0,1,1
BRDA:15,1,0,1
BRDA:15,1,1,1
BRDA:23,2,0,1
BRDA:23,2,1,1
BRDA:79,3,0,0
BRDA:79,3,1,0
BRDA:90,4,0,0
BRDA:90,4,1,0
BRDA:92,5,0,0
BRDA:92,5,1,0
BRDA:94,6,0,0
BRDA:94,6,1,0
BRDA:96,7,0,0
BRDA:96,7,1,0
BRDA:98,8,0,0
BRDA:98,8,1,0
BRDA:100,9,0,0
BRDA:100,9,1,0
BRDA:102,10,0,0
BRDA:102,10,1,0
BRDA:106,11,0,0
BRDA:106,11,1,0
BRDA:108,12,0,0
BRDA:108,12,1,0
BRDA:110,13,0,0
BRDA:110,13,1,0
BRDA:112,14,0,0
BRDA:112,14,1,0
BRDA:114,15,0,0
BRDA:114,15,1,0
BRDA:118,16,0,0
BRDA:118,16,1,0
BRDA:120,17,0,0
BRDA:120,17,1,0
BRDA:126,18,0,0
BRDA:126,18,1,0
BRDA:130,19,0,0
BRDA:130,19,1,0
BRF:40
BRH:6
end_of_record
TN:
SF:src\Common\UI\Toaster\Message.tsx
FN:13,(anonymous_2)
FN:41,(anonymous_3)
FN:49,(anonymous_4)
FN:60,(anonymous_5)
FN:66,(anonymous_6)
FN:75,(anonymous_7)
FN:81,(anonymous_8)
FN:88,(anonymous_9)
FN:90,(anonymous_10)
FNF:9
FNH:0
FNDA:0,(anonymous_2)
FNDA:0,(anonymous_3)
FNDA:0,(anonymous_4)
FNDA:0,(anonymous_5)
FNDA:0,(anonymous_6)
FNDA:0,(anonymous_7)
FNDA:0,(anonymous_8)
FNDA:0,(anonymous_9)
FNDA:0,(anonymous_10)
DA:1,1
DA:2,1
DA:3,1
DA:4,1
DA:6,1
DA:9,1
DA:13,0
DA:18,1
DA:24,1
DA:36,1
DA:42,0
DA:43,0
DA:44,0
DA:45,0
DA:46,0
DA:50,0
DA:51,0
DA:52,0
DA:53,0
DA:54,0
DA:55,0
DA:57,0
DA:61,0
DA:62,0
DA:67,0
DA:71,0
DA:76,0
DA:77,0
DA:79,0
DA:81,0
DA:89,0
DA:90,0
LF:32
LH:9
BRDA:54,0,0,0
BRDA:54,0,1,0
BRDA:61,1,0,0
BRDA:61,1,1,0
BRDA:67,2,0,0
BRDA:67,2,1,0
BRDA:68,3,0,0
BRDA:68,3,1,0
BRDA:76,4,0,0
BRDA:76,4,1,0
BRF:10
BRH:0
end_of_record
TN:
SF:src\Common\UI\Toaster\Toast.tsx
FN:13,(anonymous_2)
FN:16,(anonymous_3)
FN:17,(anonymous_4)
FN:18,(anonymous_5)
FN:19,(anonymous_6)
FN:33,(anonymous_7)
FN:41,(anonymous_8)
FN:51,(anonymous_9)
FN:57,(anonymous_10)
FN:66,(anonymous_11)
FN:79,(anonymous_12)
FN:81,(anonymous_13)
FN:83,(anonymous_14)
FN:86,(anonymous_15)
FN:90,(anonymous_16)
FNF:15
FNH:0
FNDA:0,(anonymous_2)
FNDA:0,(anonymous_3)
FNDA:0,(anonymous_4)
FNDA:0,(anonymous_5)
FNDA:0,(anonymous_6)
FNDA:0,(anonymous_7)
FNDA:0,(anonymous_8)
FNDA:0,(anonymous_9)
FNDA:0,(anonymous_10)
FNDA:0,(anonymous_11)
FNDA:0,(anonymous_12)
FNDA:0,(anonymous_13)
FNDA:0,(anonymous_14)
FNDA:0,(anonymous_15)
FNDA:0,(anonymous_16)
DA:1,1
DA:2,1
DA:3,1
DA:4,1
DA:5,1
DA:7,1
DA:9,1
DA:13,0
DA:16,0
DA:17,0
DA:18,0
DA:19,0
DA:27,1
DA:34,0
DA:35,0
DA:36,0
DA:37,0
DA:38,0
DA:42,0
DA:43,0
DA:44,0
DA:45,0
DA:46,0
DA:48,0
DA:52,0
DA:53,0
DA:58,0
DA:62,0
DA:67,0
DA:68,0
DA:70,0
DA:71,0
DA:73,0
DA:74,0
DA:76,0
DA:80,0
DA:81,0
DA:83,0
DA:87,0
DA:90,0
LF:40
LH:8
BRDA:45,0,0,0
BRDA:45,0,1,0
BRDA:52,1,0,0
BRDA:52,1,1,0
BRDA:58,2,0,0
BRDA:58,2,1,0
BRDA:59,3,0,0
BRDA:59,3,1,0
BRDA:67,4,0,0
BRDA:67,4,1,0
BRDA:70,5,0,0
BRDA:70,5,1,0
BRDA:73,6,0,0
BRDA:73,6,1,0
BRF:14
BRH:0
end_of_record
TN:
SF:src\Common\UI\Toaster\Toaster.tsx
FN:23,(anonymous_1)
FN:26,(anonymous_2)
FN:30,(anonymous_3)
FNF:3
FNH:2
FNDA:1,(anonymous_1)
FNDA:1,(anonymous_2)
FNDA:0,(anonymous_3)
DA:1,1
DA:2,1
DA:4,1
DA:6,1
DA:23,1
DA:24,1
DA:27,1
DA:30,0
LF:8
LH:7
BRF:0
BRH:0
end_of_record
